Analysis & Synthesis report for aula14
Fri Nov 18 20:34:59 2022
Quartus Prime Version 20.1.0 Build 711 06/05/2020 SJ Lite Edition


---------------------
; Table of Contents ;
---------------------
  1. Legal Notice
  2. Analysis & Synthesis Summary
  3. Analysis & Synthesis Settings
  4. Parallel Compilation
  5. Analysis & Synthesis Source Files Read
  6. Analysis & Synthesis Resource Usage Summary
  7. Analysis & Synthesis Resource Utilization by Entity
  8. General Register Statistics
  9. Multiplexer Restructuring Statistics (Restructuring Performed)
 10. Parameter Settings for User Entity Instance: Top-level Entity: |ULAMIPS
 11. Port Connectivity Checks: "halfULA:opBit31"
 12. Port Connectivity Checks: "halfULA:opBit30"
 13. Port Connectivity Checks: "halfULA:opBit29"
 14. Port Connectivity Checks: "halfULA:opBit28"
 15. Port Connectivity Checks: "halfULA:opBit27"
 16. Port Connectivity Checks: "halfULA:opBit26"
 17. Port Connectivity Checks: "halfULA:opBit25"
 18. Port Connectivity Checks: "halfULA:opBit24"
 19. Port Connectivity Checks: "halfULA:opBit23"
 20. Port Connectivity Checks: "halfULA:opBit22"
 21. Port Connectivity Checks: "halfULA:opBit21"
 22. Port Connectivity Checks: "halfULA:opBit20"
 23. Port Connectivity Checks: "halfULA:opBit19"
 24. Port Connectivity Checks: "halfULA:opBit18"
 25. Port Connectivity Checks: "halfULA:opBit17"
 26. Port Connectivity Checks: "halfULA:opBit16"
 27. Port Connectivity Checks: "halfULA:opBit15"
 28. Port Connectivity Checks: "halfULA:opBit14"
 29. Port Connectivity Checks: "halfULA:opBit13"
 30. Port Connectivity Checks: "halfULA:opBit12"
 31. Port Connectivity Checks: "halfULA:opBit11"
 32. Port Connectivity Checks: "halfULA:opBit10"
 33. Port Connectivity Checks: "halfULA:opBit9"
 34. Port Connectivity Checks: "halfULA:opBit8"
 35. Port Connectivity Checks: "halfULA:opBit7"
 36. Port Connectivity Checks: "halfULA:opBit6"
 37. Port Connectivity Checks: "halfULA:opBit5"
 38. Port Connectivity Checks: "halfULA:opBit4"
 39. Port Connectivity Checks: "halfULA:opBit3"
 40. Port Connectivity Checks: "halfULA:opBit2"
 41. Port Connectivity Checks: "halfULA:opBit1"
 42. Post-Synthesis Netlist Statistics for Top Partition
 43. Elapsed Time Per Partition
 44. Analysis & Synthesis Messages



----------------
; Legal Notice ;
----------------
Copyright (C) 2020  Intel Corporation. All rights reserved.
Your use of Intel Corporation's design tools, logic functions 
and other software and tools, and any partner logic 
functions, and any output files from any of the foregoing 
(including device programming or simulation files), and any 
associated documentation or information are expressly subject 
to the terms and conditions of the Intel Program License 
Subscription Agreement, the Intel Quartus Prime License Agreement,
the Intel FPGA IP License Agreement, or other applicable license
agreement, including, without limitation, that your use is for
the sole purpose of programming logic devices manufactured by
Intel and sold by Intel or its authorized distributors.  Please
refer to the applicable agreement for further details, at
https://fpgasoftware.intel.com/eula.



+-------------------------------------------------------------------------------+
; Analysis & Synthesis Summary                                                  ;
+---------------------------------+---------------------------------------------+
; Analysis & Synthesis Status     ; Successful - Fri Nov 18 20:34:59 2022       ;
; Quartus Prime Version           ; 20.1.0 Build 711 06/05/2020 SJ Lite Edition ;
; Revision Name                   ; aula14                                      ;
; Top-level Entity Name           ; ULAMIPS                                     ;
; Family                          ; Cyclone V                                   ;
; Logic utilization (in ALMs)     ; N/A                                         ;
; Total registers                 ; 0                                           ;
; Total pins                      ; 100                                         ;
; Total virtual pins              ; 0                                           ;
; Total block memory bits         ; 0                                           ;
; Total DSP Blocks                ; 0                                           ;
; Total HSSI RX PCSs              ; 0                                           ;
; Total HSSI PMA RX Deserializers ; 0                                           ;
; Total HSSI TX PCSs              ; 0                                           ;
; Total HSSI PMA TX Serializers   ; 0                                           ;
; Total PLLs                      ; 0                                           ;
; Total DLLs                      ; 0                                           ;
+---------------------------------+---------------------------------------------+


+---------------------------------------------------------------------------------------------------------------------------+
; Analysis & Synthesis Settings                                                                                             ;
+---------------------------------------------------------------------------------+--------------------+--------------------+
; Option                                                                          ; Setting            ; Default Value      ;
+---------------------------------------------------------------------------------+--------------------+--------------------+
; Device                                                                          ; 5CEBA4F23C7        ;                    ;
; Top-level entity name                                                           ; ULAMIPS            ; aula14             ;
; Family name                                                                     ; Cyclone V          ; Cyclone V          ;
; VHDL Show LMF Mapping Messages                                                  ; Off                ;                    ;
; VHDL Version                                                                    ; VHDL_2008          ; VHDL_1993          ;
; Use smart compilation                                                           ; Off                ; Off                ;
; Enable parallel Assembler and Timing Analyzer during compilation                ; On                 ; On                 ;
; Enable compact report table                                                     ; Off                ; Off                ;
; Restructure Multiplexers                                                        ; Auto               ; Auto               ;
; MLAB Add Timing Constraints For Mixed-Port Feed-Through Mode Setting Don't Care ; Off                ; Off                ;
; Create Debugging Nodes for IP Cores                                             ; Off                ; Off                ;
; Preserve fewer node names                                                       ; On                 ; On                 ;
; Intel FPGA IP Evaluation Mode                                                   ; Enable             ; Enable             ;
; Verilog Version                                                                 ; Verilog_2001       ; Verilog_2001       ;
; State Machine Processing                                                        ; Auto               ; Auto               ;
; Safe State Machine                                                              ; Off                ; Off                ;
; Extract Verilog State Machines                                                  ; On                 ; On                 ;
; Extract VHDL State Machines                                                     ; On                 ; On                 ;
; Ignore Verilog initial constructs                                               ; Off                ; Off                ;
; Iteration limit for constant Verilog loops                                      ; 5000               ; 5000               ;
; Iteration limit for non-constant Verilog loops                                  ; 250                ; 250                ;
; Add Pass-Through Logic to Inferred RAMs                                         ; On                 ; On                 ;
; Infer RAMs from Raw Logic                                                       ; On                 ; On                 ;
; Parallel Synthesis                                                              ; On                 ; On                 ;
; DSP Block Balancing                                                             ; Auto               ; Auto               ;
; NOT Gate Push-Back                                                              ; On                 ; On                 ;
; Power-Up Don't Care                                                             ; On                 ; On                 ;
; Remove Redundant Logic Cells                                                    ; Off                ; Off                ;
; Remove Duplicate Registers                                                      ; On                 ; On                 ;
; Ignore CARRY Buffers                                                            ; Off                ; Off                ;
; Ignore CASCADE Buffers                                                          ; Off                ; Off                ;
; Ignore GLOBAL Buffers                                                           ; Off                ; Off                ;
; Ignore ROW GLOBAL Buffers                                                       ; Off                ; Off                ;
; Ignore LCELL Buffers                                                            ; Off                ; Off                ;
; Ignore SOFT Buffers                                                             ; On                 ; On                 ;
; Limit AHDL Integers to 32 Bits                                                  ; Off                ; Off                ;
; Optimization Technique                                                          ; Balanced           ; Balanced           ;
; Carry Chain Length                                                              ; 70                 ; 70                 ;
; Auto Carry Chains                                                               ; On                 ; On                 ;
; Auto Open-Drain Pins                                                            ; On                 ; On                 ;
; Perform WYSIWYG Primitive Resynthesis                                           ; Off                ; Off                ;
; Auto ROM Replacement                                                            ; On                 ; On                 ;
; Auto RAM Replacement                                                            ; On                 ; On                 ;
; Auto DSP Block Replacement                                                      ; On                 ; On                 ;
; Auto Shift Register Replacement                                                 ; Auto               ; Auto               ;
; Allow Shift Register Merging across Hierarchies                                 ; Auto               ; Auto               ;
; Auto Clock Enable Replacement                                                   ; On                 ; On                 ;
; Strict RAM Replacement                                                          ; Off                ; Off                ;
; Allow Synchronous Control Signals                                               ; On                 ; On                 ;
; Force Use of Synchronous Clear Signals                                          ; Off                ; Off                ;
; Auto Resource Sharing                                                           ; Off                ; Off                ;
; Allow Any RAM Size For Recognition                                              ; Off                ; Off                ;
; Allow Any ROM Size For Recognition                                              ; Off                ; Off                ;
; Allow Any Shift Register Size For Recognition                                   ; Off                ; Off                ;
; Use LogicLock Constraints during Resource Balancing                             ; On                 ; On                 ;
; Ignore translate_off and synthesis_off directives                               ; Off                ; Off                ;
; Timing-Driven Synthesis                                                         ; On                 ; On                 ;
; Report Parameter Settings                                                       ; On                 ; On                 ;
; Report Source Assignments                                                       ; On                 ; On                 ;
; Report Connectivity Checks                                                      ; On                 ; On                 ;
; Ignore Maximum Fan-Out Assignments                                              ; Off                ; Off                ;
; Synchronization Register Chain Length                                           ; 3                  ; 3                  ;
; Power Optimization During Synthesis                                             ; Normal compilation ; Normal compilation ;
; HDL message level                                                               ; Level2             ; Level2             ;
; Suppress Register Optimization Related Messages                                 ; Off                ; Off                ;
; Number of Removed Registers Reported in Synthesis Report                        ; 5000               ; 5000               ;
; Number of Swept Nodes Reported in Synthesis Report                              ; 5000               ; 5000               ;
; Number of Inverted Registers Reported in Synthesis Report                       ; 100                ; 100                ;
; Clock MUX Protection                                                            ; On                 ; On                 ;
; Auto Gated Clock Conversion                                                     ; Off                ; Off                ;
; Block Design Naming                                                             ; Auto               ; Auto               ;
; SDC constraint protection                                                       ; Off                ; Off                ;
; Synthesis Effort                                                                ; Auto               ; Auto               ;
; Shift Register Replacement - Allow Asynchronous Clear Signal                    ; On                 ; On                 ;
; Pre-Mapping Resynthesis Optimization                                            ; Off                ; Off                ;
; Analysis & Synthesis Message Level                                              ; Medium             ; Medium             ;
; Disable Register Merging Across Hierarchies                                     ; Auto               ; Auto               ;
; Resource Aware Inference For Block RAM                                          ; On                 ; On                 ;
; Automatic Parallel Synthesis                                                    ; On                 ; On                 ;
; Partial Reconfiguration Bitstream ID                                            ; Off                ; Off                ;
+---------------------------------------------------------------------------------+--------------------+--------------------+


+------------------------------------------+
; Parallel Compilation                     ;
+----------------------------+-------------+
; Processors                 ; Number      ;
+----------------------------+-------------+
; Number detected on machine ; 8           ;
; Maximum allowed            ; 4           ;
;                            ;             ;
; Average used               ; 1.00        ;
; Maximum used               ; 1           ;
;                            ;             ;
; Usage by Processor         ; % Time Used ;
;     Processor 1            ; 100.0%      ;
+----------------------------+-------------+


+-----------------------------------------------------------------------------------------------------------------------------------------------------------------------+
; Analysis & Synthesis Source Files Read                                                                                                                                ;
+----------------------------------+-----------------+-----------------+--------------------------------------------------------------------------------------+---------+
; File Name with User-Entered Path ; Used in Netlist ; File Type       ; File Name with Absolute Path                                                         ; Library ;
+----------------------------------+-----------------+-----------------+--------------------------------------------------------------------------------------+---------+
; ULAMIPS.vhd                      ; yes             ; User VHDL File  ; C:/Users/vieir/Desktop/Insper/6-semestre/design-computadores/aula-16-ULA/ULAMIPS.vhd ;         ;
; halfULA.vhd                      ; yes             ; User VHDL File  ; C:/Users/vieir/Desktop/Insper/6-semestre/design-computadores/aula-16-ULA/halfULA.vhd ;         ;
+----------------------------------+-----------------+-----------------+--------------------------------------------------------------------------------------+---------+


+--------------------------------------------------------------+
; Analysis & Synthesis Resource Usage Summary                  ;
+---------------------------------------------+----------------+
; Resource                                    ; Usage          ;
+---------------------------------------------+----------------+
; Estimate of Logic utilization (ALMs needed) ; 72             ;
;                                             ;                ;
; Combinational ALUT usage for logic          ; 116            ;
;     -- 7 input functions                    ; 0              ;
;     -- 6 input functions                    ; 27             ;
;     -- 5 input functions                    ; 30             ;
;     -- 4 input functions                    ; 14             ;
;     -- <=3 input functions                  ; 45             ;
;                                             ;                ;
; Dedicated logic registers                   ; 0              ;
;                                             ;                ;
; I/O pins                                    ; 100            ;
;                                             ;                ;
; Total DSP Blocks                            ; 0              ;
;                                             ;                ;
; Maximum fan-out node                        ; inverteB~input ;
; Maximum fan-out                             ; 42             ;
; Total fan-out                               ; 599            ;
; Average fan-out                             ; 1.90           ;
+---------------------------------------------+----------------+


+---------------------------------------------------------------------------------------------------------------------------------------------------------------------------------------------+
; Analysis & Synthesis Resource Utilization by Entity                                                                                                                                         ;
+----------------------------+---------------------+---------------------------+-------------------+------------+------+--------------+--------------------------+-------------+--------------+
; Compilation Hierarchy Node ; Combinational ALUTs ; Dedicated Logic Registers ; Block Memory Bits ; DSP Blocks ; Pins ; Virtual Pins ; Full Hierarchy Name      ; Entity Name ; Library Name ;
+----------------------------+---------------------+---------------------------+-------------------+------------+------+--------------+--------------------------+-------------+--------------+
; |ULAMIPS                   ; 116 (9)             ; 0 (0)                     ; 0                 ; 0          ; 100  ; 0            ; |ULAMIPS                 ; ULAMIPS     ; work         ;
;    |halfULA:opBit0|        ; 4 (4)               ; 0 (0)                     ; 0                 ; 0          ; 0    ; 0            ; |ULAMIPS|halfULA:opBit0  ; halfULA     ; work         ;
;    |halfULA:opBit10|       ; 3 (3)               ; 0 (0)                     ; 0                 ; 0          ; 0    ; 0            ; |ULAMIPS|halfULA:opBit10 ; halfULA     ; work         ;
;    |halfULA:opBit11|       ; 3 (3)               ; 0 (0)                     ; 0                 ; 0          ; 0    ; 0            ; |ULAMIPS|halfULA:opBit11 ; halfULA     ; work         ;
;    |halfULA:opBit12|       ; 2 (2)               ; 0 (0)                     ; 0                 ; 0          ; 0    ; 0            ; |ULAMIPS|halfULA:opBit12 ; halfULA     ; work         ;
;    |halfULA:opBit13|       ; 5 (5)               ; 0 (0)                     ; 0                 ; 0          ; 0    ; 0            ; |ULAMIPS|halfULA:opBit13 ; halfULA     ; work         ;
;    |halfULA:opBit14|       ; 5 (5)               ; 0 (0)                     ; 0                 ; 0          ; 0    ; 0            ; |ULAMIPS|halfULA:opBit14 ; halfULA     ; work         ;
;    |halfULA:opBit15|       ; 3 (3)               ; 0 (0)                     ; 0                 ; 0          ; 0    ; 0            ; |ULAMIPS|halfULA:opBit15 ; halfULA     ; work         ;
;    |halfULA:opBit16|       ; 3 (3)               ; 0 (0)                     ; 0                 ; 0          ; 0    ; 0            ; |ULAMIPS|halfULA:opBit16 ; halfULA     ; work         ;
;    |halfULA:opBit17|       ; 2 (2)               ; 0 (0)                     ; 0                 ; 0          ; 0    ; 0            ; |ULAMIPS|halfULA:opBit17 ; halfULA     ; work         ;
;    |halfULA:opBit18|       ; 5 (5)               ; 0 (0)                     ; 0                 ; 0          ; 0    ; 0            ; |ULAMIPS|halfULA:opBit18 ; halfULA     ; work         ;
;    |halfULA:opBit19|       ; 5 (5)               ; 0 (0)                     ; 0                 ; 0          ; 0    ; 0            ; |ULAMIPS|halfULA:opBit19 ; halfULA     ; work         ;
;    |halfULA:opBit1|        ; 2 (2)               ; 0 (0)                     ; 0                 ; 0          ; 0    ; 0            ; |ULAMIPS|halfULA:opBit1  ; halfULA     ; work         ;
;    |halfULA:opBit20|       ; 3 (3)               ; 0 (0)                     ; 0                 ; 0          ; 0    ; 0            ; |ULAMIPS|halfULA:opBit20 ; halfULA     ; work         ;
;    |halfULA:opBit21|       ; 3 (3)               ; 0 (0)                     ; 0                 ; 0          ; 0    ; 0            ; |ULAMIPS|halfULA:opBit21 ; halfULA     ; work         ;
;    |halfULA:opBit22|       ; 2 (2)               ; 0 (0)                     ; 0                 ; 0          ; 0    ; 0            ; |ULAMIPS|halfULA:opBit22 ; halfULA     ; work         ;
;    |halfULA:opBit23|       ; 5 (5)               ; 0 (0)                     ; 0                 ; 0          ; 0    ; 0            ; |ULAMIPS|halfULA:opBit23 ; halfULA     ; work         ;
;    |halfULA:opBit24|       ; 5 (5)               ; 0 (0)                     ; 0                 ; 0          ; 0    ; 0            ; |ULAMIPS|halfULA:opBit24 ; halfULA     ; work         ;
;    |halfULA:opBit25|       ; 3 (3)               ; 0 (0)                     ; 0                 ; 0          ; 0    ; 0            ; |ULAMIPS|halfULA:opBit25 ; halfULA     ; work         ;
;    |halfULA:opBit26|       ; 3 (3)               ; 0 (0)                     ; 0                 ; 0          ; 0    ; 0            ; |ULAMIPS|halfULA:opBit26 ; halfULA     ; work         ;
;    |halfULA:opBit27|       ; 2 (2)               ; 0 (0)                     ; 0                 ; 0          ; 0    ; 0            ; |ULAMIPS|halfULA:opBit27 ; halfULA     ; work         ;
;    |halfULA:opBit28|       ; 4 (4)               ; 0 (0)                     ; 0                 ; 0          ; 0    ; 0            ; |ULAMIPS|halfULA:opBit28 ; halfULA     ; work         ;
;    |halfULA:opBit29|       ; 2 (2)               ; 0 (0)                     ; 0                 ; 0          ; 0    ; 0            ; |ULAMIPS|halfULA:opBit29 ; halfULA     ; work         ;
;    |halfULA:opBit2|        ; 3 (3)               ; 0 (0)                     ; 0                 ; 0          ; 0    ; 0            ; |ULAMIPS|halfULA:opBit2  ; halfULA     ; work         ;
;    |halfULA:opBit30|       ; 4 (4)               ; 0 (0)                     ; 0                 ; 0          ; 0    ; 0            ; |ULAMIPS|halfULA:opBit30 ; halfULA     ; work         ;
;    |halfULA:opBit31|       ; 2 (2)               ; 0 (0)                     ; 0                 ; 0          ; 0    ; 0            ; |ULAMIPS|halfULA:opBit31 ; halfULA     ; work         ;
;    |halfULA:opBit3|        ; 3 (3)               ; 0 (0)                     ; 0                 ; 0          ; 0    ; 0            ; |ULAMIPS|halfULA:opBit3  ; halfULA     ; work         ;
;    |halfULA:opBit4|        ; 4 (4)               ; 0 (0)                     ; 0                 ; 0          ; 0    ; 0            ; |ULAMIPS|halfULA:opBit4  ; halfULA     ; work         ;
;    |halfULA:opBit5|        ; 3 (3)               ; 0 (0)                     ; 0                 ; 0          ; 0    ; 0            ; |ULAMIPS|halfULA:opBit5  ; halfULA     ; work         ;
;    |halfULA:opBit6|        ; 3 (3)               ; 0 (0)                     ; 0                 ; 0          ; 0    ; 0            ; |ULAMIPS|halfULA:opBit6  ; halfULA     ; work         ;
;    |halfULA:opBit7|        ; 2 (2)               ; 0 (0)                     ; 0                 ; 0          ; 0    ; 0            ; |ULAMIPS|halfULA:opBit7  ; halfULA     ; work         ;
;    |halfULA:opBit8|        ; 5 (5)               ; 0 (0)                     ; 0                 ; 0          ; 0    ; 0            ; |ULAMIPS|halfULA:opBit8  ; halfULA     ; work         ;
;    |halfULA:opBit9|        ; 4 (4)               ; 0 (0)                     ; 0                 ; 0          ; 0    ; 0            ; |ULAMIPS|halfULA:opBit9  ; halfULA     ; work         ;
+----------------------------+---------------------+---------------------------+-------------------+------------+------+--------------+--------------------------+-------------+--------------+
Note: For table entries with two numbers listed, the numbers in parentheses indicate the number of resources of the given type used by the specific entity alone. The numbers listed outside of parentheses indicate the total resources of the given type used by the specific entity and all of its sub-entities in the hierarchy.


+------------------------------------------------------+
; General Register Statistics                          ;
+----------------------------------------------+-------+
; Statistic                                    ; Value ;
+----------------------------------------------+-------+
; Total registers                              ; 0     ;
; Number of registers using Synchronous Clear  ; 0     ;
; Number of registers using Synchronous Load   ; 0     ;
; Number of registers using Asynchronous Clear ; 0     ;
; Number of registers using Asynchronous Load  ; 0     ;
; Number of registers using Clock Enable       ; 0     ;
; Number of registers using Preset             ; 0     ;
+----------------------------------------------+-------+


+------------------------------------------------------------------------------------------------------------------------------------------+
; Multiplexer Restructuring Statistics (Restructuring Performed)                                                                           ;
+--------------------+-----------+---------------+----------------------+------------------------+------------+----------------------------+
; Multiplexer Inputs ; Bus Width ; Baseline Area ; Area if Restructured ; Saving if Restructured ; Registered ; Example Multiplexer Output ;
+--------------------+-----------+---------------+----------------------+------------------------+------------+----------------------------+
; 4:1                ; 31 bits   ; 62 LEs        ; 62 LEs               ; 0 LEs                  ; No         ; |ULAMIPS|halfULA:opBit31|R ;
+--------------------+-----------+---------------+----------------------+------------------------+------------+----------------------------+


+-------------------------------------------------------------------------+
; Parameter Settings for User Entity Instance: Top-level Entity: |ULAMIPS ;
+----------------+-------+------------------------------------------------+
; Parameter Name ; Value ; Type                                           ;
+----------------+-------+------------------------------------------------+
; larguraDados   ; 32    ; Signed Integer                                 ;
+----------------+-------+------------------------------------------------+
Note: In order to hide this table in the UI and the text report file, please set the "Show Parameter Settings in Synthesis Report" option in "Analysis and Synthesis Settings -> More Settings" to "Off".


+---------------------------------------------+
; Port Connectivity Checks: "halfULA:opBit31" ;
+------+-------+----------+-------------------+
; Port ; Type  ; Severity ; Details           ;
+------+-------+----------+-------------------+
; slt  ; Input ; Info     ; Stuck at GND      ;
+------+-------+----------+-------------------+


+---------------------------------------------+
; Port Connectivity Checks: "halfULA:opBit30" ;
+------+-------+----------+-------------------+
; Port ; Type  ; Severity ; Details           ;
+------+-------+----------+-------------------+
; slt  ; Input ; Info     ; Stuck at GND      ;
+------+-------+----------+-------------------+


+---------------------------------------------+
; Port Connectivity Checks: "halfULA:opBit29" ;
+------+-------+----------+-------------------+
; Port ; Type  ; Severity ; Details           ;
+------+-------+----------+-------------------+
; slt  ; Input ; Info     ; Stuck at GND      ;
+------+-------+----------+-------------------+


+---------------------------------------------+
; Port Connectivity Checks: "halfULA:opBit28" ;
+------+-------+----------+-------------------+
; Port ; Type  ; Severity ; Details           ;
+------+-------+----------+-------------------+
; slt  ; Input ; Info     ; Stuck at GND      ;
+------+-------+----------+-------------------+


+---------------------------------------------+
; Port Connectivity Checks: "halfULA:opBit27" ;
+------+-------+----------+-------------------+
; Port ; Type  ; Severity ; Details           ;
+------+-------+----------+-------------------+
; slt  ; Input ; Info     ; Stuck at GND      ;
+------+-------+----------+-------------------+


+---------------------------------------------+
; Port Connectivity Checks: "halfULA:opBit26" ;
+------+-------+----------+-------------------+
; Port ; Type  ; Severity ; Details           ;
+------+-------+----------+-------------------+
; slt  ; Input ; Info     ; Stuck at GND      ;
+------+-------+----------+-------------------+


+---------------------------------------------+
; Port Connectivity Checks: "halfULA:opBit25" ;
+------+-------+----------+-------------------+
; Port ; Type  ; Severity ; Details           ;
+------+-------+----------+-------------------+
; slt  ; Input ; Info     ; Stuck at GND      ;
+------+-------+----------+-------------------+


+---------------------------------------------+
; Port Connectivity Checks: "halfULA:opBit24" ;
+------+-------+----------+-------------------+
; Port ; Type  ; Severity ; Details           ;
+------+-------+----------+-------------------+
; slt  ; Input ; Info     ; Stuck at GND      ;
+------+-------+----------+-------------------+


+---------------------------------------------+
; Port Connectivity Checks: "halfULA:opBit23" ;
+------+-------+----------+-------------------+
; Port ; Type  ; Severity ; Details           ;
+------+-------+----------+-------------------+
; slt  ; Input ; Info     ; Stuck at GND      ;
+------+-------+----------+-------------------+


+---------------------------------------------+
; Port Connectivity Checks: "halfULA:opBit22" ;
+------+-------+----------+-------------------+
; Port ; Type  ; Severity ; Details           ;
+------+-------+----------+-------------------+
; slt  ; Input ; Info     ; Stuck at GND      ;
+------+-------+----------+-------------------+


+---------------------------------------------+
; Port Connectivity Checks: "halfULA:opBit21" ;
+------+-------+----------+-------------------+
; Port ; Type  ; Severity ; Details           ;
+------+-------+----------+-------------------+
; slt  ; Input ; Info     ; Stuck at GND      ;
+------+-------+----------+-------------------+


+---------------------------------------------+
; Port Connectivity Checks: "halfULA:opBit20" ;
+------+-------+----------+-------------------+
; Port ; Type  ; Severity ; Details           ;
+------+-------+----------+-------------------+
; slt  ; Input ; Info     ; Stuck at GND      ;
+------+-------+----------+-------------------+


+---------------------------------------------+
; Port Connectivity Checks: "halfULA:opBit19" ;
+------+-------+----------+-------------------+
; Port ; Type  ; Severity ; Details           ;
+------+-------+----------+-------------------+
; slt  ; Input ; Info     ; Stuck at GND      ;
+------+-------+----------+-------------------+


+---------------------------------------------+
; Port Connectivity Checks: "halfULA:opBit18" ;
+------+-------+----------+-------------------+
; Port ; Type  ; Severity ; Details           ;
+------+-------+----------+-------------------+
; slt  ; Input ; Info     ; Stuck at GND      ;
+------+-------+----------+-------------------+


+---------------------------------------------+
; Port Connectivity Checks: "halfULA:opBit17" ;
+------+-------+----------+-------------------+
; Port ; Type  ; Severity ; Details           ;
+------+-------+----------+-------------------+
; slt  ; Input ; Info     ; Stuck at GND      ;
+------+-------+----------+-------------------+


+---------------------------------------------+
; Port Connectivity Checks: "halfULA:opBit16" ;
+------+-------+----------+-------------------+
; Port ; Type  ; Severity ; Details           ;
+------+-------+----------+-------------------+
; slt  ; Input ; Info     ; Stuck at GND      ;
+------+-------+----------+-------------------+


+---------------------------------------------+
; Port Connectivity Checks: "halfULA:opBit15" ;
+------+-------+----------+-------------------+
; Port ; Type  ; Severity ; Details           ;
+------+-------+----------+-------------------+
; slt  ; Input ; Info     ; Stuck at GND      ;
+------+-------+----------+-------------------+


+---------------------------------------------+
; Port Connectivity Checks: "halfULA:opBit14" ;
+------+-------+----------+-------------------+
; Port ; Type  ; Severity ; Details           ;
+------+-------+----------+-------------------+
; slt  ; Input ; Info     ; Stuck at GND      ;
+------+-------+----------+-------------------+


+---------------------------------------------+
; Port Connectivity Checks: "halfULA:opBit13" ;
+------+-------+----------+-------------------+
; Port ; Type  ; Severity ; Details           ;
+------+-------+----------+-------------------+
; slt  ; Input ; Info     ; Stuck at GND      ;
+------+-------+----------+-------------------+


+---------------------------------------------+
; Port Connectivity Checks: "halfULA:opBit12" ;
+------+-------+----------+-------------------+
; Port ; Type  ; Severity ; Details           ;
+------+-------+----------+-------------------+
; slt  ; Input ; Info     ; Stuck at GND      ;
+------+-------+----------+-------------------+


+---------------------------------------------+
; Port Connectivity Checks: "halfULA:opBit11" ;
+------+-------+----------+-------------------+
; Port ; Type  ; Severity ; Details           ;
+------+-------+----------+-------------------+
; slt  ; Input ; Info     ; Stuck at GND      ;
+------+-------+----------+-------------------+


+---------------------------------------------+
; Port Connectivity Checks: "halfULA:opBit10" ;
+------+-------+----------+-------------------+
; Port ; Type  ; Severity ; Details           ;
+------+-------+----------+-------------------+
; slt  ; Input ; Info     ; Stuck at GND      ;
+------+-------+----------+-------------------+


+--------------------------------------------+
; Port Connectivity Checks: "halfULA:opBit9" ;
+------+-------+----------+------------------+
; Port ; Type  ; Severity ; Details          ;
+------+-------+----------+------------------+
; slt  ; Input ; Info     ; Stuck at GND     ;
+------+-------+----------+------------------+


+--------------------------------------------+
; Port Connectivity Checks: "halfULA:opBit8" ;
+------+-------+----------+------------------+
; Port ; Type  ; Severity ; Details          ;
+------+-------+----------+------------------+
; slt  ; Input ; Info     ; Stuck at GND     ;
+------+-------+----------+------------------+


+--------------------------------------------+
; Port Connectivity Checks: "halfULA:opBit7" ;
+------+-------+----------+------------------+
; Port ; Type  ; Severity ; Details          ;
+------+-------+----------+------------------+
; slt  ; Input ; Info     ; Stuck at GND     ;
+------+-------+----------+------------------+


+--------------------------------------------+
; Port Connectivity Checks: "halfULA:opBit6" ;
+------+-------+----------+------------------+
; Port ; Type  ; Severity ; Details          ;
+------+-------+----------+------------------+
; slt  ; Input ; Info     ; Stuck at GND     ;
+------+-------+----------+------------------+


+--------------------------------------------+
; Port Connectivity Checks: "halfULA:opBit5" ;
+------+-------+----------+------------------+
; Port ; Type  ; Severity ; Details          ;
+------+-------+----------+------------------+
; slt  ; Input ; Info     ; Stuck at GND     ;
+------+-------+----------+------------------+


+--------------------------------------------+
; Port Connectivity Checks: "halfULA:opBit4" ;
+------+-------+----------+------------------+
; Port ; Type  ; Severity ; Details          ;
+------+-------+----------+------------------+
; slt  ; Input ; Info     ; Stuck at GND     ;
+------+-------+----------+------------------+


+--------------------------------------------+
; Port Connectivity Checks: "halfULA:opBit3" ;
+------+-------+----------+------------------+
; Port ; Type  ; Severity ; Details          ;
+------+-------+----------+------------------+
; slt  ; Input ; Info     ; Stuck at GND     ;
+------+-------+----------+------------------+


+--------------------------------------------+
; Port Connectivity Checks: "halfULA:opBit2" ;
+------+-------+----------+------------------+
; Port ; Type  ; Severity ; Details          ;
+------+-------+----------+------------------+
; slt  ; Input ; Info     ; Stuck at GND     ;
+------+-------+----------+------------------+


+--------------------------------------------+
; Port Connectivity Checks: "halfULA:opBit1" ;
+------+-------+----------+------------------+
; Port ; Type  ; Severity ; Details          ;
+------+-------+----------+------------------+
; slt  ; Input ; Info     ; Stuck at GND     ;
+------+-------+----------+------------------+


+-----------------------------------------------------+
; Post-Synthesis Netlist Statistics for Top Partition ;
+-----------------------+-----------------------------+
; Type                  ; Count                       ;
+-----------------------+-----------------------------+
; arriav_lcell_comb     ; 117                         ;
;     normal            ; 117                         ;
;         1 data inputs ; 1                           ;
;         2 data inputs ; 37                          ;
;         3 data inputs ; 8                           ;
;         4 data inputs ; 14                          ;
;         5 data inputs ; 30                          ;
;         6 data inputs ; 27                          ;
; boundary_port         ; 100                         ;
;                       ;                             ;
; Max LUT depth         ; 16.00                       ;
; Average LUT depth     ; 11.84                       ;
+-----------------------+-----------------------------+


+-------------------------------+
; Elapsed Time Per Partition    ;
+----------------+--------------+
; Partition Name ; Elapsed Time ;
+----------------+--------------+
; Top            ; 00:00:01     ;
+----------------+--------------+


+-------------------------------+
; Analysis & Synthesis Messages ;
+-------------------------------+
Info: *******************************************************************
Info: Running Quartus Prime Analysis & Synthesis
    Info: Version 20.1.0 Build 711 06/05/2020 SJ Lite Edition
    Info: Processing started: Fri Nov 18 20:34:43 2022
Info: Command: quartus_map --read_settings_files=on --write_settings_files=off aula14 -c aula14
Warning (18236): Number of processors has not been specified which may cause overloading on shared machines.  Set the global assignment NUM_PARALLEL_PROCESSORS in your QSF to an appropriate value for best performance.
Info (20030): Parallel compilation is enabled and will use 4 of the 4 processors detected
Info (12021): Found 2 design units, including 1 entities, in source file ulamips.vhd
    Info (12022): Found design unit 1: ULAMIPS-comportamento File: C:/Users/vieir/Desktop/Insper/6-semestre/design-computadores/aula-16-ULA/ULAMIPS.vhd Line: 17
    Info (12023): Found entity 1: ULAMIPS File: C:/Users/vieir/Desktop/Insper/6-semestre/design-computadores/aula-16-ULA/ULAMIPS.vhd Line: 4
Info (12021): Found 2 design units, including 1 entities, in source file halfula.vhd
    Info (12022): Found design unit 1: halfULA-comportamento File: C:/Users/vieir/Desktop/Insper/6-semestre/design-computadores/aula-16-ULA/halfULA.vhd Line: 13
    Info (12023): Found entity 1: halfULA File: C:/Users/vieir/Desktop/Insper/6-semestre/design-computadores/aula-16-ULA/halfULA.vhd Line: 4
Info (12127): Elaborating entity "ULAMIPS" for the top level hierarchy
Info (12128): Elaborating entity "halfULA" for hierarchy "halfULA:opBit0" File: C:/Users/vieir/Desktop/Insper/6-semestre/design-computadores/aula-16-ULA/ULAMIPS.vhd Line: 25
Info (10041): Inferred latch for "R" at halfULA.vhd(30) File: C:/Users/vieir/Desktop/Insper/6-semestre/design-computadores/aula-16-ULA/halfULA.vhd Line: 30
Warning (14026): LATCH primitive "halfULA:opBit31|R" is permanently enabled File: C:/Users/vieir/Desktop/Insper/6-semestre/design-computadores/aula-16-ULA/halfULA.vhd Line: 8
Warning (14026): LATCH primitive "halfULA:opBit30|R" is permanently enabled File: C:/Users/vieir/Desktop/Insper/6-semestre/design-computadores/aula-16-ULA/halfULA.vhd Line: 8
Warning (14026): LATCH primitive "halfULA:opBit29|R" is permanently enabled File: C:/Users/vieir/Desktop/Insper/6-semestre/design-computadores/aula-16-ULA/halfULA.vhd Line: 8
Warning (14026): LATCH primitive "halfULA:opBit28|R" is permanently enabled File: C:/Users/vieir/Desktop/Insper/6-semestre/design-computadores/aula-16-ULA/halfULA.vhd Line: 8
Warning (14026): LATCH primitive "halfULA:opBit27|R" is permanently enabled File: C:/Users/vieir/Desktop/Insper/6-semestre/design-computadores/aula-16-ULA/halfULA.vhd Line: 8
Warning (14026): LATCH primitive "halfULA:opBit26|R" is permanently enabled File: C:/Users/vieir/Desktop/Insper/6-semestre/design-computadores/aula-16-ULA/halfULA.vhd Line: 8
Warning (14026): LATCH primitive "halfULA:opBit25|R" is permanently enabled File: C:/Users/vieir/Desktop/Insper/6-semestre/design-computadores/aula-16-ULA/halfULA.vhd Line: 8
Warning (14026): LATCH primitive "halfULA:opBit24|R" is permanently enabled File: C:/Users/vieir/Desktop/Insper/6-semestre/design-computadores/aula-16-ULA/halfULA.vhd Line: 8
Warning (14026): LATCH primitive "halfULA:opBit23|R" is permanently enabled File: C:/Users/vieir/Desktop/Insper/6-semestre/design-computadores/aula-16-ULA/halfULA.vhd Line: 8
Warning (14026): LATCH primitive "halfULA:opBit22|R" is permanently enabled File: C:/Users/vieir/Desktop/Insper/6-semestre/design-computadores/aula-16-ULA/halfULA.vhd Line: 8
Warning (14026): LATCH primitive "halfULA:opBit21|R" is permanently enabled File: C:/Users/vieir/Desktop/Insper/6-semestre/design-computadores/aula-16-ULA/halfULA.vhd Line: 8
Warning (14026): LATCH primitive "halfULA:opBit20|R" is permanently enabled File: C:/Users/vieir/Desktop/Insper/6-semestre/design-computadores/aula-16-ULA/halfULA.vhd Line: 8
Warning (14026): LATCH primitive "halfULA:opBit19|R" is permanently enabled File: C:/Users/vieir/Desktop/Insper/6-semestre/design-computadores/aula-16-ULA/halfULA.vhd Line: 8
Warning (14026): LATCH primitive "halfULA:opBit18|R" is permanently enabled File: C:/Users/vieir/Desktop/Insper/6-semestre/design-computadores/aula-16-ULA/halfULA.vhd Line: 8
Warning (14026): LATCH primitive "halfULA:opBit17|R" is permanently enabled File: C:/Users/vieir/Desktop/Insper/6-semestre/design-computadores/aula-16-ULA/halfULA.vhd Line: 8
Warning (14026): LATCH primitive "halfULA:opBit16|R" is permanently enabled File: C:/Users/vieir/Desktop/Insper/6-semestre/design-computadores/aula-16-ULA/halfULA.vhd Line: 8
Warning (14026): LATCH primitive "halfULA:opBit15|R" is permanently enabled File: C:/Users/vieir/Desktop/Insper/6-semestre/design-computadores/aula-16-ULA/halfULA.vhd Line: 8
Warning (14026): LATCH primitive "halfULA:opBit14|R" is permanently enabled File: C:/Users/vieir/Desktop/Insper/6-semestre/design-computadores/aula-16-ULA/halfULA.vhd Line: 8
Warning (14026): LATCH primitive "halfULA:opBit13|R" is permanently enabled File: C:/Users/vieir/Desktop/Insper/6-semestre/design-computadores/aula-16-ULA/halfULA.vhd Line: 8
Warning (14026): LATCH primitive "halfULA:opBit12|R" is permanently enabled File: C:/Users/vieir/Desktop/Insper/6-semestre/design-computadores/aula-16-ULA/halfULA.vhd Line: 8
Warning (14026): LATCH primitive "halfULA:opBit11|R" is permanently enabled File: C:/Users/vieir/Desktop/Insper/6-semestre/design-computadores/aula-16-ULA/halfULA.vhd Line: 8
Warning (14026): LATCH primitive "halfULA:opBit10|R" is permanently enabled File: C:/Users/vieir/Desktop/Insper/6-semestre/design-computadores/aula-16-ULA/halfULA.vhd Line: 8
Warning (14026): LATCH primitive "halfULA:opBit9|R" is permanently enabled File: C:/Users/vieir/Desktop/Insper/6-semestre/design-computadores/aula-16-ULA/halfULA.vhd Line: 8
Warning (14026): LATCH primitive "halfULA:opBit8|R" is permanently enabled File: C:/Users/vieir/Desktop/Insper/6-semestre/design-computadores/aula-16-ULA/halfULA.vhd Line: 8
Warning (14026): LATCH primitive "halfULA:opBit7|R" is permanently enabled File: C:/Users/vieir/Desktop/Insper/6-semestre/design-computadores/aula-16-ULA/halfULA.vhd Line: 8
Warning (14026): LATCH primitive "halfULA:opBit6|R" is permanently enabled File: C:/Users/vieir/Desktop/Insper/6-semestre/design-computadores/aula-16-ULA/halfULA.vhd Line: 8
Warning (14026): LATCH primitive "halfULA:opBit5|R" is permanently enabled File: C:/Users/vieir/Desktop/Insper/6-semestre/design-computadores/aula-16-ULA/halfULA.vhd Line: 8
Warning (14026): LATCH primitive "halfULA:opBit4|R" is permanently enabled File: C:/Users/vieir/Desktop/Insper/6-semestre/design-computadores/aula-16-ULA/halfULA.vhd Line: 8
Warning (14026): LATCH primitive "halfULA:opBit3|R" is permanently enabled File: C:/Users/vieir/Desktop/Insper/6-semestre/design-computadores/aula-16-ULA/halfULA.vhd Line: 8
Warning (14026): LATCH primitive "halfULA:opBit2|R" is permanently enabled File: C:/Users/vieir/Desktop/Insper/6-semestre/design-computadores/aula-16-ULA/halfULA.vhd Line: 8
Warning (14026): LATCH primitive "halfULA:opBit1|R" is permanently enabled File: C:/Users/vieir/Desktop/Insper/6-semestre/design-computadores/aula-16-ULA/halfULA.vhd Line: 8
Warning (14026): LATCH primitive "halfULA:opBit0|R" is permanently enabled File: C:/Users/vieir/Desktop/Insper/6-semestre/design-computadores/aula-16-ULA/halfULA.vhd Line: 8
Info (286030): Timing-Driven Synthesis is running
Info (16010): Generating hard_block partition "hard_block:auto_generated_inst"
    Info (16011): Adding 0 node(s), including 0 DDIO, 0 PLL, 0 transceiver and 0 LCELL
Info (21057): Implemented 216 device resources after synthesis - the final resource count might be different
    Info (21058): Implemented 67 input pins
    Info (21059): Implemented 33 output pins
    Info (21061): Implemented 116 logic cells
Info: Quartus Prime Analysis & Synthesis was successful. 0 errors, 33 warnings
    Info: Peak virtual memory: 4852 megabytes
    Info: Processing ended: Fri Nov 18 20:34:59 2022
    Info: Elapsed time: 00:00:16
    Info: Total CPU time (on all processors): 00:00:20


