Analysis & Elaboration report for aula07
Sat Oct 15 12:12:54 2022
Quartus Prime Version 20.1.0 Build 711 06/05/2020 SJ Lite Edition


---------------------
; Table of Contents ;
---------------------
  1. Legal Notice
  2. Analysis & Elaboration Summary
  3. Parallel Compilation
  4. Analysis & Elaboration Settings
  5. Analysis & Elaboration Messages



----------------
; Legal Notice ;
----------------
Copyright (C) 2020  Intel Corporation. All rights reserved.
Your use of Intel Corporation's design tools, logic functions 
and other software and tools, and any partner logic 
functions, and any output files from any of the foregoing 
(including device programming or simulation files), and any 
associated documentation or information are expressly subject 
to the terms and conditions of the Intel Program License 
Subscription Agreement, the Intel Quartus Prime License Agreement,
the Intel FPGA IP License Agreement, or other applicable license
agreement, including, without limitation, that your use is for
the sole purpose of programming logic devices manufactured by
Intel and sold by Intel or its authorized distributors.  Please
refer to the applicable agreement for further details, at
https://fpgasoftware.intel.com/eula.



+-----------------------------------------------------------------------------+
; Analysis & Elaboration Summary                                              ;
+-------------------------------+---------------------------------------------+
; Analysis & Elaboration Status ; Failed - Sat Oct 15 12:12:54 2022           ;
; Quartus Prime Version         ; 20.1.0 Build 711 06/05/2020 SJ Lite Edition ;
; Revision Name                 ; aula07                                      ;
; Top-level Entity Name         ; TopLevel                                    ;
; Family                        ; Cyclone V                                   ;
; Logic utilization (in ALMs)   ; N/A until Partition Merge                   ;
; Total registers               ; N/A until Partition Merge                   ;
; Total pins                    ; N/A until Partition Merge                   ;
; Total virtual pins            ; N/A until Partition Merge                   ;
; Total block memory bits       ; N/A until Partition Merge                   ;
; Total PLLs                    ; N/A until Partition Merge                   ;
; Total DLLs                    ; N/A until Partition Merge                   ;
+-------------------------------+---------------------------------------------+


+------------------------------------------+
; Parallel Compilation                     ;
+----------------------------+-------------+
; Processors                 ; Number      ;
+----------------------------+-------------+
; Number detected on machine ; 8           ;
; Maximum allowed            ; 4           ;
;                            ;             ;
; Average used               ; 1.00        ;
; Maximum used               ; 1           ;
;                            ;             ;
; Usage by Processor         ; % Time Used ;
;     Processor 1            ; 100.0%      ;
+----------------------------+-------------+


+---------------------------------------------------------------------------------------------------------------------------+
; Analysis & Elaboration Settings                                                                                           ;
+---------------------------------------------------------------------------------+--------------------+--------------------+
; Option                                                                          ; Setting            ; Default Value      ;
+---------------------------------------------------------------------------------+--------------------+--------------------+
; Device                                                                          ; 5CEBA2F17A7        ;                    ;
; Top-level entity name                                                           ; TopLevel           ; aula07             ;
; Family name                                                                     ; Cyclone V          ; Cyclone V          ;
; VHDL Show LMF Mapping Messages                                                  ; Off                ;                    ;
; VHDL Version                                                                    ; VHDL_2008          ; VHDL_1993          ;
; Use smart compilation                                                           ; Off                ; Off                ;
; Enable parallel Assembler and Timing Analyzer during compilation                ; On                 ; On                 ;
; Enable compact report table                                                     ; Off                ; Off                ;
; Restructure Multiplexers                                                        ; Auto               ; Auto               ;
; MLAB Add Timing Constraints For Mixed-Port Feed-Through Mode Setting Don't Care ; Off                ; Off                ;
; Create Debugging Nodes for IP Cores                                             ; Off                ; Off                ;
; Preserve fewer node names                                                       ; On                 ; On                 ;
; Intel FPGA IP Evaluation Mode                                                   ; Enable             ; Enable             ;
; Verilog Version                                                                 ; Verilog_2001       ; Verilog_2001       ;
; State Machine Processing                                                        ; Auto               ; Auto               ;
; Safe State Machine                                                              ; Off                ; Off                ;
; Extract Verilog State Machines                                                  ; On                 ; On                 ;
; Extract VHDL State Machines                                                     ; On                 ; On                 ;
; Ignore Verilog initial constructs                                               ; Off                ; Off                ;
; Iteration limit for constant Verilog loops                                      ; 5000               ; 5000               ;
; Iteration limit for non-constant Verilog loops                                  ; 250                ; 250                ;
; Add Pass-Through Logic to Inferred RAMs                                         ; On                 ; On                 ;
; Infer RAMs from Raw Logic                                                       ; On                 ; On                 ;
; Parallel Synthesis                                                              ; On                 ; On                 ;
; DSP Block Balancing                                                             ; Auto               ; Auto               ;
; NOT Gate Push-Back                                                              ; On                 ; On                 ;
; Power-Up Don't Care                                                             ; On                 ; On                 ;
; Remove Redundant Logic Cells                                                    ; Off                ; Off                ;
; Remove Duplicate Registers                                                      ; On                 ; On                 ;
; Ignore CARRY Buffers                                                            ; Off                ; Off                ;
; Ignore CASCADE Buffers                                                          ; Off                ; Off                ;
; Ignore GLOBAL Buffers                                                           ; Off                ; Off                ;
; Ignore ROW GLOBAL Buffers                                                       ; Off                ; Off                ;
; Ignore LCELL Buffers                                                            ; Off                ; Off                ;
; Ignore SOFT Buffers                                                             ; On                 ; On                 ;
; Limit AHDL Integers to 32 Bits                                                  ; Off                ; Off                ;
; Optimization Technique                                                          ; Balanced           ; Balanced           ;
; Carry Chain Length                                                              ; 70                 ; 70                 ;
; Auto Carry Chains                                                               ; On                 ; On                 ;
; Auto Open-Drain Pins                                                            ; On                 ; On                 ;
; Perform WYSIWYG Primitive Resynthesis                                           ; Off                ; Off                ;
; Auto ROM Replacement                                                            ; On                 ; On                 ;
; Auto RAM Replacement                                                            ; On                 ; On                 ;
; Auto DSP Block Replacement                                                      ; On                 ; On                 ;
; Auto Shift Register Replacement                                                 ; Auto               ; Auto               ;
; Allow Shift Register Merging across Hierarchies                                 ; Auto               ; Auto               ;
; Auto Clock Enable Replacement                                                   ; On                 ; On                 ;
; Strict RAM Replacement                                                          ; Off                ; Off                ;
; Allow Synchronous Control Signals                                               ; On                 ; On                 ;
; Force Use of Synchronous Clear Signals                                          ; Off                ; Off                ;
; Auto Resource Sharing                                                           ; Off                ; Off                ;
; Allow Any RAM Size For Recognition                                              ; Off                ; Off                ;
; Allow Any ROM Size For Recognition                                              ; Off                ; Off                ;
; Allow Any Shift Register Size For Recognition                                   ; Off                ; Off                ;
; Use LogicLock Constraints during Resource Balancing                             ; On                 ; On                 ;
; Ignore translate_off and synthesis_off directives                               ; Off                ; Off                ;
; Timing-Driven Synthesis                                                         ; On                 ; On                 ;
; Report Parameter Settings                                                       ; On                 ; On                 ;
; Report Source Assignments                                                       ; On                 ; On                 ;
; Report Connectivity Checks                                                      ; On                 ; On                 ;
; Ignore Maximum Fan-Out Assignments                                              ; Off                ; Off                ;
; Synchronization Register Chain Length                                           ; 3                  ; 3                  ;
; Power Optimization During Synthesis                                             ; Normal compilation ; Normal compilation ;
; HDL message level                                                               ; Level2             ; Level2             ;
; Suppress Register Optimization Related Messages                                 ; Off                ; Off                ;
; Number of Removed Registers Reported in Synthesis Report                        ; 5000               ; 5000               ;
; Number of Swept Nodes Reported in Synthesis Report                              ; 5000               ; 5000               ;
; Number of Inverted Registers Reported in Synthesis Report                       ; 100                ; 100                ;
; Clock MUX Protection                                                            ; On                 ; On                 ;
; Auto Gated Clock Conversion                                                     ; Off                ; Off                ;
; Block Design Naming                                                             ; Auto               ; Auto               ;
; SDC constraint protection                                                       ; Off                ; Off                ;
; Synthesis Effort                                                                ; Auto               ; Auto               ;
; Shift Register Replacement - Allow Asynchronous Clear Signal                    ; On                 ; On                 ;
; Pre-Mapping Resynthesis Optimization                                            ; Off                ; Off                ;
; Analysis & Synthesis Message Level                                              ; Medium             ; Medium             ;
; Disable Register Merging Across Hierarchies                                     ; Auto               ; Auto               ;
; Resource Aware Inference For Block RAM                                          ; On                 ; On                 ;
; Automatic Parallel Synthesis                                                    ; On                 ; On                 ;
; Partial Reconfiguration Bitstream ID                                            ; Off                ; Off                ;
+---------------------------------------------------------------------------------+--------------------+--------------------+


+---------------------------------+
; Analysis & Elaboration Messages ;
+---------------------------------+
Info: *******************************************************************
Info: Running Quartus Prime Analysis & Elaboration
    Info: Version 20.1.0 Build 711 06/05/2020 SJ Lite Edition
    Info: Processing started: Sat Oct 15 12:12:46 2022
Info: Command: quartus_map --read_settings_files=on --write_settings_files=off aula07 -c aula07 --analysis_and_elaboration
Warning (18236): Number of processors has not been specified which may cause overloading on shared machines.  Set the global assignment NUM_PARALLEL_PROCESSORS in your QSF to an appropriate value for best performance.
Info (20030): Parallel compilation is enabled and will use 4 of the 4 processors detected
Info (12021): Found 2 design units, including 1 entities, in source file decoder3x8.vhd
    Info (12022): Found design unit 1: decoder3x8-comportamento File: C:/Users/gui_r/OneDrive/Documentos/GitHub/Insper/design-computadores/aula-8/decoder3x8.vhd Line: 10
    Info (12023): Found entity 1: decoder3x8 File: C:/Users/gui_r/OneDrive/Documentos/GitHub/Insper/design-computadores/aula-8/decoder3x8.vhd Line: 4
Info (12021): Found 2 design units, including 1 entities, in source file cpu.vhd
    Info (12022): Found design unit 1: CPU-arquitetura File: C:/Users/gui_r/OneDrive/Documentos/GitHub/Insper/design-computadores/aula-8/CPU.vhd Line: 28
    Info (12023): Found entity 1: CPU File: C:/Users/gui_r/OneDrive/Documentos/GitHub/Insper/design-computadores/aula-8/CPU.vhd Line: 4
Info (12021): Found 2 design units, including 1 entities, in source file ulasomasubpassa.vhd
    Info (12022): Found design unit 1: ULASomaSubPassa-comportamento File: C:/Users/gui_r/OneDrive/Documentos/GitHub/Insper/design-computadores/aula-8/ULASomaSubPassa.vhd Line: 18
    Info (12023): Found entity 1: ULASomaSubPassa File: C:/Users/gui_r/OneDrive/Documentos/GitHub/Insper/design-computadores/aula-8/ULASomaSubPassa.vhd Line: 5
Info (12021): Found 2 design units, including 1 entities, in source file toplevel.vhd
    Info (12022): Found design unit 1: TopLevel-arquitetura File: C:/Users/gui_r/OneDrive/Documentos/GitHub/Insper/design-computadores/aula-8/TopLevel.vhd Line: 25
    Info (12023): Found entity 1: TopLevel File: C:/Users/gui_r/OneDrive/Documentos/GitHub/Insper/design-computadores/aula-8/TopLevel.vhd Line: 4
Info (12021): Found 2 design units, including 1 entities, in source file somaconstante.vhd
    Info (12022): Found design unit 1: somaConstante-comportamento File: C:/Users/gui_r/OneDrive/Documentos/GitHub/Insper/design-computadores/aula-8/somaConstante.vhd Line: 18
    Info (12023): Found entity 1: somaConstante File: C:/Users/gui_r/OneDrive/Documentos/GitHub/Insper/design-computadores/aula-8/somaConstante.vhd Line: 5
Info (12021): Found 2 design units, including 1 entities, in source file registradorgenerico.vhd
    Info (12022): Found design unit 1: registradorGenerico-comportamento File: C:/Users/gui_r/OneDrive/Documentos/GitHub/Insper/design-computadores/aula-8/registradorGenerico.vhd Line: 15
    Info (12023): Found entity 1: registradorGenerico File: C:/Users/gui_r/OneDrive/Documentos/GitHub/Insper/design-computadores/aula-8/registradorGenerico.vhd Line: 4
Info (12021): Found 2 design units, including 1 entities, in source file muxgenerico4x1.vhd
    Info (12022): Found design unit 1: muxGenerico4x1-comportamento File: C:/Users/gui_r/OneDrive/Documentos/GitHub/Insper/design-computadores/aula-8/muxGenerico4x1.vhd Line: 14
    Info (12023): Found entity 1: muxGenerico4x1 File: C:/Users/gui_r/OneDrive/Documentos/GitHub/Insper/design-computadores/aula-8/muxGenerico4x1.vhd Line: 4
Info (12021): Found 2 design units, including 1 entities, in source file muxgenerico2x1.vhd
    Info (12022): Found design unit 1: muxGenerico2x1-comportamento File: C:/Users/gui_r/OneDrive/Documentos/GitHub/Insper/design-computadores/aula-8/muxGenerico2x1.vhd Line: 14
    Info (12023): Found entity 1: muxGenerico2x1 File: C:/Users/gui_r/OneDrive/Documentos/GitHub/Insper/design-computadores/aula-8/muxGenerico2x1.vhd Line: 4
Info (12021): Found 2 design units, including 1 entities, in source file memoriarom.vhd
    Info (12022): Found design unit 1: memoriaROM-assincrona File: C:/Users/gui_r/OneDrive/Documentos/GitHub/Insper/design-computadores/aula-8/memoriaROM.vhd Line: 16
    Info (12023): Found entity 1: memoriaROM File: C:/Users/gui_r/OneDrive/Documentos/GitHub/Insper/design-computadores/aula-8/memoriaROM.vhd Line: 5
Info (12021): Found 2 design units, including 1 entities, in source file memoriaram.vhd
    Info (12022): Found design unit 1: memoriaRAM-rtl File: C:/Users/gui_r/OneDrive/Documentos/GitHub/Insper/design-computadores/aula-8/memoriaRAM.vhd Line: 21
    Info (12023): Found entity 1: memoriaRAM File: C:/Users/gui_r/OneDrive/Documentos/GitHub/Insper/design-computadores/aula-8/memoriaRAM.vhd Line: 5
Info (12021): Found 2 design units, including 1 entities, in source file logicadesvio.vhd
    Info (12022): Found design unit 1: logicaDesvio-arch_name File: C:/Users/gui_r/OneDrive/Documentos/GitHub/Insper/design-computadores/aula-8/logicaDesvio.vhd Line: 13
    Info (12023): Found entity 1: logicaDesvio File: C:/Users/gui_r/OneDrive/Documentos/GitHub/Insper/design-computadores/aula-8/logicaDesvio.vhd Line: 5
Info (12021): Found 2 design units, including 1 entities, in source file flipflopgenerico.vhd
    Info (12022): Found design unit 1: flipFlopGenerico-comportamento File: C:/Users/gui_r/OneDrive/Documentos/GitHub/Insper/design-computadores/aula-8/flipflopGenerico.vhd Line: 13
    Info (12023): Found entity 1: flipFlopGenerico File: C:/Users/gui_r/OneDrive/Documentos/GitHub/Insper/design-computadores/aula-8/flipflopGenerico.vhd Line: 4
Info (12021): Found 3 design units, including 1 entities, in source file edgedetector.vhd
    Info (12022): Found design unit 1: edgeDetector-bordaSubida File: C:/Users/gui_r/OneDrive/Documentos/GitHub/Insper/design-computadores/aula-8/edgeDetector.vhd Line: 10
    Info (12022): Found design unit 2: edgeDetector-bordaDescida File: C:/Users/gui_r/OneDrive/Documentos/GitHub/Insper/design-computadores/aula-8/edgeDetector.vhd Line: 23
    Info (12023): Found entity 1: edgeDetector File: C:/Users/gui_r/OneDrive/Documentos/GitHub/Insper/design-computadores/aula-8/edgeDetector.vhd Line: 4
Info (12021): Found 2 design units, including 1 entities, in source file decoderinstru.vhd
    Info (12022): Found design unit 1: decoderInstru-comportamento File: C:/Users/gui_r/OneDrive/Documentos/GitHub/Insper/design-computadores/aula-8/decoderInstru.vhd Line: 10
    Info (12023): Found entity 1: decoderInstru File: C:/Users/gui_r/OneDrive/Documentos/GitHub/Insper/design-computadores/aula-8/decoderInstru.vhd Line: 4
Info (12021): Found 2 design units, including 1 entities, in source file conversorhex7seg.vhd
    Info (12022): Found design unit 1: conversorHex7Seg-comportamento File: C:/Users/gui_r/OneDrive/Documentos/GitHub/Insper/design-computadores/aula-8/conversorHex7Seg.vhd Line: 17
    Info (12023): Found entity 1: conversorHex7Seg File: C:/Users/gui_r/OneDrive/Documentos/GitHub/Insper/design-computadores/aula-8/conversorHex7Seg.vhd Line: 4
Info (12021): Found 2 design units, including 1 entities, in source file and4x1.vhd
    Info (12022): Found design unit 1: and4x1-comportamento File: C:/Users/gui_r/OneDrive/Documentos/GitHub/Insper/design-computadores/aula-8/and4x1.vhd Line: 14
    Info (12023): Found entity 1: and4x1 File: C:/Users/gui_r/OneDrive/Documentos/GitHub/Insper/design-computadores/aula-8/and4x1.vhd Line: 4
Info (12021): Found 2 design units, including 1 entities, in source file buffer_3_state_8portas.vhd
    Info (12022): Found design unit 1: buffer_3_state_8portas-comportamento File: C:/Users/gui_r/OneDrive/Documentos/GitHub/Insper/design-computadores/aula-8/buffer_3_state_8portas.vhd Line: 11
    Info (12023): Found entity 1: buffer_3_state_8portas File: C:/Users/gui_r/OneDrive/Documentos/GitHub/Insper/design-computadores/aula-8/buffer_3_state_8portas.vhd Line: 4
Info (12021): Found 2 design units, including 1 entities, in source file buffer_3_state_simples.vhd
    Info (12022): Found design unit 1: buffer_3_state_simples-comportamento File: C:/Users/gui_r/OneDrive/Documentos/GitHub/Insper/design-computadores/aula-8/buffer_3_state_simples.vhd Line: 12
    Info (12023): Found entity 1: buffer_3_state_simples File: C:/Users/gui_r/OneDrive/Documentos/GitHub/Insper/design-computadores/aula-8/buffer_3_state_simples.vhd Line: 4
Info (12021): Found 2 design units, including 1 entities, in source file edgedebouncedetector.vhd
    Info (12022): Found design unit 1: edgeDebounceDetector-arquitetura File: C:/Users/gui_r/OneDrive/Documentos/GitHub/Insper/design-computadores/aula-8/edgeDebounceDetector.vhd Line: 20
    Info (12023): Found entity 1: edgeDebounceDetector File: C:/Users/gui_r/OneDrive/Documentos/GitHub/Insper/design-computadores/aula-8/edgeDebounceDetector.vhd Line: 4
Error (10381): VHDL Type Mismatch error at TopLevel.vhd(101): indexed name returns a value whose type does not match "std_logic_vector", the type of the target expression File: C:/Users/gui_r/OneDrive/Documentos/GitHub/Insper/design-computadores/aula-8/TopLevel.vhd Line: 101
Error: Quartus Prime Analysis & Elaboration was unsuccessful. 1 error, 1 warning
    Error: Peak virtual memory: 4837 megabytes
    Error: Processing ended: Sat Oct 15 12:12:54 2022
    Error: Elapsed time: 00:00:08
    Error: Total CPU time (on all processors): 00:00:21


