EDA Netlist Writer report for aula07
Thu Oct 13 12:52:38 2022
Quartus Prime Version 20.1.0 Build 711 06/05/2020 SJ Lite Edition


---------------------
; Table of Contents ;
---------------------
  1. Legal Notice
  2. EDA Netlist Writer Summary
  3. EDA Netlist Writer Messages



----------------
; Legal Notice ;
----------------
Copyright (C) 2020  Intel Corporation. All rights reserved.
Your use of Intel Corporation's design tools, logic functions 
and other software and tools, and any partner logic 
functions, and any output files from any of the foregoing 
(including device programming or simulation files), and any 
associated documentation or information are expressly subject 
to the terms and conditions of the Intel Program License 
Subscription Agreement, the Intel Quartus Prime License Agreement,
the Intel FPGA IP License Agreement, or other applicable license
agreement, including, without limitation, that your use is for
the sole purpose of programming logic devices manufactured by
Intel and sold by Intel or its authorized distributors.  Please
refer to the applicable agreement for further details, at
https://fpgasoftware.intel.com/eula.



+---------------------------------------------------------------+
; EDA Netlist Writer Summary                                    ;
+---------------------------+-----------------------------------+
; EDA Netlist Writer Status ; Failed - Thu Oct 13 12:52:38 2022 ;
; Revision Name             ; aula07                            ;
; Top-level Entity Name     ; TopLevel                          ;
; Family                    ; Cyclone V                         ;
+---------------------------+-----------------------------------+


+-----------------------------+
; EDA Netlist Writer Messages ;
+-----------------------------+
Info: *******************************************************************
Info: Running Quartus Prime EDA Netlist Writer
    Info: Version 20.1.0 Build 711 06/05/2020 SJ Lite Edition
    Info: Copyright (C) 2020  Intel Corporation. All rights reserved.
    Info: Your use of Intel Corporation's design tools, logic functions 
    Info: and other software and tools, and any partner logic 
    Info: functions, and any output files from any of the foregoing 
    Info: (including device programming or simulation files), and any 
    Info: associated documentation or information are expressly subject 
    Info: to the terms and conditions of the Intel Program License 
    Info: Subscription Agreement, the Intel Quartus Prime License Agreement,
    Info: the Intel FPGA IP License Agreement, or other applicable license
    Info: agreement, including, without limitation, that your use is for
    Info: the sole purpose of programming logic devices manufactured by
    Info: Intel and sold by Intel or its authorized distributors.  Please
    Info: refer to the applicable agreement for further details, at
    Info: https://fpgasoftware.intel.com/eula.
    Info: Processing started: Thu Oct 13 12:52:38 2022
Info: Command: quartus_eda --gen_testbench --tool=modelsim_oem --format=vhdl --write_settings_files=off aula07 -c aula07 --vector_source=C:/Users/gui_r/OneDrive/Documentos/GitHub/Insper/design-computadores/aula-8/Waveform.vwf --testbench_file=C:/Users/gui_r/OneDrive/Documentos/GitHub/Insper/design-computadores/aula-8/simulation/qsim/Waveform.vwf.vht
Info (119006): Selected device 5CEBA2F17A7 for design "aula07"
Warning (18236): Number of processors has not been specified which may cause overloading on shared machines.  Set the global assignment NUM_PARALLEL_PROCESSORS in your QSF to an appropriate value for best performance.
Error (199014): Vector source file C:/Users/gui_r/OneDrive/Documentos/GitHub/Insper/design-computadores/aula-8/Waveform.vwf specified with --testbench_vector_input_file option does not exist
Error: Quartus Prime EDA Netlist Writer was unsuccessful. 1 error, 1 warning
    Error: Peak virtual memory: 4714 megabytes
    Error: Processing ended: Thu Oct 13 12:52:38 2022
    Error: Elapsed time: 00:00:00
    Error: Total CPU time (on all processors): 00:00:01


