Flow report for aula01
Thu Sep 08 14:29:23 2022
Quartus Prime Version 20.1.0 Build 711 06/05/2020 SJ Lite Edition


---------------------
; Table of Contents ;
---------------------
  1. Legal Notice
  2. Flow Summary
  3. Flow Settings
  4. Flow Non-Default Global Settings
  5. Flow Elapsed Time
  6. Flow OS Summary
  7. Flow Log
  8. Flow Messages
  9. Flow Suppressed Messages



----------------
; Legal Notice ;
----------------
Copyright (C) 2020  Intel Corporation. All rights reserved.
Your use of Intel Corporation's design tools, logic functions 
and other software and tools, and any partner logic 
functions, and any output files from any of the foregoing 
(including device programming or simulation files), and any 
associated documentation or information are expressly subject 
to the terms and conditions of the Intel Program License 
Subscription Agreement, the Intel Quartus Prime License Agreement,
the Intel FPGA IP License Agreement, or other applicable license
agreement, including, without limitation, that your use is for
the sole purpose of programming logic devices manufactured by
Intel and sold by Intel or its authorized distributors.  Please
refer to the applicable agreement for further details, at
https://fpgasoftware.intel.com/eula.



+---------------------------------------------------------------------------+
; Flow Summary                                                              ;
+-----------------------------+---------------------------------------------+
; Flow Status                 ; Successful - Thu Sep 08 14:29:23 2022       ;
; Quartus Prime Version       ; 20.1.0 Build 711 06/05/2020 SJ Lite Edition ;
; Revision Name               ; aula01                                      ;
; Top-level Entity Name       ; TopLevel                                    ;
; Family                      ; Cyclone V                                   ;
; Device                      ; 5CEBA4F23C7                                 ;
; Timing Models               ; Final                                       ;
; Logic utilization (in ALMs) ; N/A until Partition Merge                   ;
; Total registers             ; N/A until Partition Merge                   ;
; Total pins                  ; N/A until Partition Merge                   ;
; Total virtual pins          ; N/A until Partition Merge                   ;
; Total block memory bits     ; N/A until Partition Merge                   ;
; Total PLLs                  ; N/A until Partition Merge                   ;
; Total DLLs                  ; N/A until Partition Merge                   ;
+-----------------------------+---------------------------------------------+


+-----------------------------------------+
; Flow Settings                           ;
+-------------------+---------------------+
; Option            ; Setting             ;
+-------------------+---------------------+
; Start date & time ; 09/08/2022 14:14:02 ;
; Main task         ; Compilation         ;
; Revision Name     ; aula01              ;
+-------------------+---------------------+


+-------------------------------------------------------------------------------------------------------------------------+
; Flow Non-Default Global Settings                                                                                        ;
+-------------------------------------+----------------------------------------+---------------+-------------+------------+
; Assignment Name                     ; Value                                  ; Default Value ; Entity Name ; Section Id ;
+-------------------------------------+----------------------------------------+---------------+-------------+------------+
; COMPILER_SIGNATURE_ID               ; 110073161869767.166265724219944        ; --            ; --          ; --         ;
; MAX_CORE_JUNCTION_TEMP              ; 85                                     ; --            ; --          ; --         ;
; MIN_CORE_JUNCTION_TEMP              ; 0                                      ; --            ; --          ; --         ;
; PARTITION_COLOR                     ; -- (Not supported for targeted family) ; --            ; TopLevel    ; Top        ;
; PARTITION_FITTER_PRESERVATION_LEVEL ; -- (Not supported for targeted family) ; --            ; TopLevel    ; Top        ;
; PARTITION_NETLIST_TYPE              ; -- (Not supported for targeted family) ; --            ; TopLevel    ; Top        ;
; POWER_BOARD_THERMAL_MODEL           ; None (CONSERVATIVE)                    ; --            ; --          ; --         ;
; POWER_PRESET_COOLING_SOLUTION       ; 23 MM HEAT SINK WITH 200 LFPM AIRFLOW  ; --            ; --          ; --         ;
; PROJECT_OUTPUT_DIRECTORY            ; output_files                           ; --            ; --          ; --         ;
; TOP_LEVEL_ENTITY                    ; TopLevel                               ; aula01        ; --          ; --         ;
; VHDL_INPUT_VERSION                  ; VHDL_2008                              ; VHDL_1993     ; --          ; --         ;
; VHDL_SHOW_LMF_MAPPING_MESSAGES      ; Off                                    ; --            ; --          ; --         ;
+-------------------------------------+----------------------------------------+---------------+-------------+------------+


+----------------------------------------------------------------------------------------------------------------------------+
; Flow Elapsed Time                                                                                                          ;
+------------------------+--------------+-------------------------+---------------------+------------------------------------+
; Module Name            ; Elapsed Time ; Average Processors Used ; Peak Virtual Memory ; Total CPU Time (on all processors) ;
+------------------------+--------------+-------------------------+---------------------+------------------------------------+
; Analysis & Elaboration ; 00:00:09     ; 1.0                     ; 4833 MB             ; 00:00:21                           ;
; EDA Netlist Writer     ; 00:00:01     ; 1.0                     ; 4707 MB             ; 00:00:01                           ;
; EDA Netlist Writer     ; 00:00:01     ; 1.0                     ; 4716 MB             ; 00:00:01                           ;
; EDA Netlist Writer     ; 00:00:00     ; 1.0                     ; 4707 MB             ; 00:00:01                           ;
; EDA Netlist Writer     ; 00:00:01     ; 1.0                     ; 4716 MB             ; 00:00:01                           ;
; Total                  ; 00:00:12     ; --                      ; --                  ; 00:00:25                           ;
+------------------------+--------------+-------------------------+---------------------+------------------------------------+


+--------------------------------------------------------------------------------------+
; Flow OS Summary                                                                      ;
+------------------------+------------------+------------+------------+----------------+
; Module Name            ; Machine Hostname ; OS Name    ; OS Version ; Processor type ;
+------------------------+------------------+------------+------------+----------------+
; Analysis & Elaboration ; GUILHERME-E14    ; Windows 10 ; 10.0       ; x86_64         ;
; EDA Netlist Writer     ; GUILHERME-E14    ; Windows 10 ; 10.0       ; x86_64         ;
; EDA Netlist Writer     ; GUILHERME-E14    ; Windows 10 ; 10.0       ; x86_64         ;
; EDA Netlist Writer     ; GUILHERME-E14    ; Windows 10 ; 10.0       ; x86_64         ;
; EDA Netlist Writer     ; GUILHERME-E14    ; Windows 10 ; 10.0       ; x86_64         ;
+------------------------+------------------+------------+------------+----------------+


------------
; Flow Log ;
------------
quartus_map --read_settings_files=on --write_settings_files=off aula01 -c aula01 --analysis_and_elaboration
quartus_eda --gen_testbench --tool=modelsim_oem --format=vhdl --write_settings_files=off aula01 -c aula01 --vector_source=C:/Users/gui_r/OneDrive/Documentos/GitHub/Insper/design-computadores/aula-4/Waveform4.vwf --testbench_file=C:/Users/gui_r/OneDrive/Documentos/GitHub/Insper/design-computadores/aula-4/simulation/qsim/Waveform4.vwf.vht
quartus_eda --write_settings_files=off --simulation=on --functional=on --flatten_buses=off --tool=modelsim_oem --format=vhdl --output_directory=C:/Users/gui_r/OneDrive/Documentos/GitHub/Insper/design-computadores/aula-4/simulation/qsim/ aula01 -c aula01
quartus_eda --gen_testbench --tool=modelsim_oem --format=vhdl --write_settings_files=off aula01 -c aula01 --vector_source=C:/Users/gui_r/OneDrive/Documentos/GitHub/Insper/design-computadores/aula-4/Waveform4.vwf --testbench_file=C:/Users/gui_r/OneDrive/Documentos/GitHub/Insper/design-computadores/aula-4/simulation/qsim/Waveform4.vwf.vht
quartus_eda --write_settings_files=off --simulation=on --functional=on --flatten_buses=off --tool=modelsim_oem --format=vhdl --output_directory=C:/Users/gui_r/OneDrive/Documentos/GitHub/Insper/design-computadores/aula-4/simulation/qsim/ aula01 -c aula01



