Analysis & Elaboration report for aula14
Mon Nov 21 22:21:00 2022
Quartus Prime Version 20.1.0 Build 711 06/05/2020 SJ Lite Edition


---------------------
; Table of Contents ;
---------------------
  1. Legal Notice
  2. Analysis & Elaboration Summary
  3. Parallel Compilation
  4. Parameter Settings for User Entity Instance: Top-level Entity: |TopLevel
  5. Parameter Settings for User Entity Instance: registradorGenerico:ProgramCounter
  6. Parameter Settings for User Entity Instance: somaConstante:incrementaPC
  7. Parameter Settings for User Entity Instance: somadorGenerico:SOMADOR
  8. Parameter Settings for User Entity Instance: muxGenerico2x1:MuxBEQ
  9. Parameter Settings for User Entity Instance: muxGenerico2x1:MuxJMP
 10. Parameter Settings for User Entity Instance: ROMMIPS:ROM
 11. Parameter Settings for User Entity Instance: muxGenerico2x1:MuxRtRd
 12. Parameter Settings for User Entity Instance: estendeSinalGenerico:Estende
 13. Parameter Settings for User Entity Instance: bancoRegistradores:bancoRegs
 14. Parameter Settings for User Entity Instance: muxGenerico2x1:MUuxRtImediato
 15. Parameter Settings for User Entity Instance: ULAMIPS:ULA
 16. Parameter Settings for User Entity Instance: RAMMIPS:RAM
 17. Parameter Settings for User Entity Instance: muxGenerico2x1:MUuxULARAM
 18. Parameter Settings for User Entity Instance: unidadeControle:UC
 19. Parameter Settings for User Entity Instance: controleULA:UC_ULA
 20. Analysis & Elaboration Settings
 21. Port Connectivity Checks: "RAMMIPS:RAM"
 22. Port Connectivity Checks: "ULAMIPS:ULA|halfULA:opBit31"
 23. Port Connectivity Checks: "ULAMIPS:ULA|halfULA:opBit30"
 24. Port Connectivity Checks: "ULAMIPS:ULA|halfULA:opBit29"
 25. Port Connectivity Checks: "ULAMIPS:ULA|halfULA:opBit28"
 26. Port Connectivity Checks: "ULAMIPS:ULA|halfULA:opBit27"
 27. Port Connectivity Checks: "ULAMIPS:ULA|halfULA:opBit26"
 28. Port Connectivity Checks: "ULAMIPS:ULA|halfULA:opBit25"
 29. Port Connectivity Checks: "ULAMIPS:ULA|halfULA:opBit24"
 30. Port Connectivity Checks: "ULAMIPS:ULA|halfULA:opBit23"
 31. Port Connectivity Checks: "ULAMIPS:ULA|halfULA:opBit22"
 32. Port Connectivity Checks: "ULAMIPS:ULA|halfULA:opBit21"
 33. Port Connectivity Checks: "ULAMIPS:ULA|halfULA:opBit20"
 34. Port Connectivity Checks: "ULAMIPS:ULA|halfULA:opBit19"
 35. Port Connectivity Checks: "ULAMIPS:ULA|halfULA:opBit18"
 36. Port Connectivity Checks: "ULAMIPS:ULA|halfULA:opBit17"
 37. Port Connectivity Checks: "ULAMIPS:ULA|halfULA:opBit16"
 38. Port Connectivity Checks: "ULAMIPS:ULA|halfULA:opBit15"
 39. Port Connectivity Checks: "ULAMIPS:ULA|halfULA:opBit14"
 40. Port Connectivity Checks: "ULAMIPS:ULA|halfULA:opBit13"
 41. Port Connectivity Checks: "ULAMIPS:ULA|halfULA:opBit12"
 42. Port Connectivity Checks: "ULAMIPS:ULA|halfULA:opBit11"
 43. Port Connectivity Checks: "ULAMIPS:ULA|halfULA:opBit10"
 44. Port Connectivity Checks: "ULAMIPS:ULA|halfULA:opBit9"
 45. Port Connectivity Checks: "ULAMIPS:ULA|halfULA:opBit8"
 46. Port Connectivity Checks: "ULAMIPS:ULA|halfULA:opBit7"
 47. Port Connectivity Checks: "ULAMIPS:ULA|halfULA:opBit6"
 48. Port Connectivity Checks: "ULAMIPS:ULA|halfULA:opBit5"
 49. Port Connectivity Checks: "ULAMIPS:ULA|halfULA:opBit4"
 50. Port Connectivity Checks: "ULAMIPS:ULA|halfULA:opBit3"
 51. Port Connectivity Checks: "ULAMIPS:ULA|halfULA:opBit2"
 52. Port Connectivity Checks: "ULAMIPS:ULA|halfULA:opBit1"
 53. Port Connectivity Checks: "muxGenerico2x1:MuxJMP"
 54. Port Connectivity Checks: "somadorGenerico:SOMADOR"
 55. Port Connectivity Checks: "registradorGenerico:ProgramCounter"
 56. Analysis & Elaboration Messages



----------------
; Legal Notice ;
----------------
Copyright (C) 2020  Intel Corporation. All rights reserved.
Your use of Intel Corporation's design tools, logic functions 
and other software and tools, and any partner logic 
functions, and any output files from any of the foregoing 
(including device programming or simulation files), and any 
associated documentation or information are expressly subject 
to the terms and conditions of the Intel Program License 
Subscription Agreement, the Intel Quartus Prime License Agreement,
the Intel FPGA IP License Agreement, or other applicable license
agreement, including, without limitation, that your use is for
the sole purpose of programming logic devices manufactured by
Intel and sold by Intel or its authorized distributors.  Please
refer to the applicable agreement for further details, at
https://fpgasoftware.intel.com/eula.



+-----------------------------------------------------------------------------+
; Analysis & Elaboration Summary                                              ;
+-------------------------------+---------------------------------------------+
; Analysis & Elaboration Status ; Successful - Mon Nov 21 22:21:00 2022       ;
; Quartus Prime Version         ; 20.1.0 Build 711 06/05/2020 SJ Lite Edition ;
; Revision Name                 ; aula14                                      ;
; Top-level Entity Name         ; TopLevel                                    ;
; Family                        ; Cyclone V                                   ;
; Logic utilization (in ALMs)   ; N/A until Partition Merge                   ;
; Total registers               ; N/A until Partition Merge                   ;
; Total pins                    ; N/A until Partition Merge                   ;
; Total virtual pins            ; N/A until Partition Merge                   ;
; Total block memory bits       ; N/A until Partition Merge                   ;
; Total PLLs                    ; N/A until Partition Merge                   ;
; Total DLLs                    ; N/A until Partition Merge                   ;
+-------------------------------+---------------------------------------------+


+------------------------------------------+
; Parallel Compilation                     ;
+----------------------------+-------------+
; Processors                 ; Number      ;
+----------------------------+-------------+
; Number detected on machine ; 8           ;
; Maximum allowed            ; 4           ;
;                            ;             ;
; Average used               ; 1.00        ;
; Maximum used               ; 1           ;
;                            ;             ;
; Usage by Processor         ; % Time Used ;
;     Processor 1            ; 100.0%      ;
+----------------------------+-------------+


+--------------------------------------------------------------------------+
; Parameter Settings for User Entity Instance: Top-level Entity: |TopLevel ;
+-----------------------+-------+------------------------------------------+
; Parameter Name        ; Value ; Type                                     ;
+-----------------------+-------+------------------------------------------+
; larguraEnderecosROM   ; 32    ; Signed Integer                           ;
; larguraEnderecosRAM   ; 12    ; Signed Integer                           ;
; larguraInstrucao      ; 32    ; Signed Integer                           ;
; larguraDados          ; 32    ; Signed Integer                           ;
; larguraEndBancoRegs   ; 5     ; Signed Integer                           ;
; larguraSinaisControle ; 10    ; Signed Integer                           ;
; larguraControleULA    ; 3     ; Signed Integer                           ;
; larguraOpCode         ; 6     ; Signed Integer                           ;
; larguraImediatoTipoI  ; 16    ; Signed Integer                           ;
; larguraImediatoTipoJ  ; 26    ; Signed Integer                           ;
; larguraFunct          ; 6     ; Signed Integer                           ;
; larguraShift          ; 2     ; Signed Integer                           ;
; simulacao             ; true  ; Enumerated                               ;
+-----------------------+-------+------------------------------------------+
Note: In order to hide this table in the UI and the text report file, please set the "Show Parameter Settings in Synthesis Report" option in "Analysis and Synthesis Settings -> More Settings" to "Off".


+---------------------------------------------------------------------------------+
; Parameter Settings for User Entity Instance: registradorGenerico:ProgramCounter ;
+----------------+-------+--------------------------------------------------------+
; Parameter Name ; Value ; Type                                                   ;
+----------------+-------+--------------------------------------------------------+
; larguradados   ; 32    ; Signed Integer                                         ;
+----------------+-------+--------------------------------------------------------+
Note: In order to hide this table in the UI and the text report file, please set the "Show Parameter Settings in Synthesis Report" option in "Analysis and Synthesis Settings -> More Settings" to "Off".


+-------------------------------------------------------------------------+
; Parameter Settings for User Entity Instance: somaConstante:incrementaPC ;
+----------------+-------+------------------------------------------------+
; Parameter Name ; Value ; Type                                           ;
+----------------+-------+------------------------------------------------+
; larguradados   ; 32    ; Signed Integer                                 ;
; constante      ; 4     ; Signed Integer                                 ;
+----------------+-------+------------------------------------------------+
Note: In order to hide this table in the UI and the text report file, please set the "Show Parameter Settings in Synthesis Report" option in "Analysis and Synthesis Settings -> More Settings" to "Off".


+----------------------------------------------------------------------+
; Parameter Settings for User Entity Instance: somadorGenerico:SOMADOR ;
+----------------+-------+---------------------------------------------+
; Parameter Name ; Value ; Type                                        ;
+----------------+-------+---------------------------------------------+
; larguradados   ; 32    ; Signed Integer                              ;
+----------------+-------+---------------------------------------------+
Note: In order to hide this table in the UI and the text report file, please set the "Show Parameter Settings in Synthesis Report" option in "Analysis and Synthesis Settings -> More Settings" to "Off".


+--------------------------------------------------------------------+
; Parameter Settings for User Entity Instance: muxGenerico2x1:MuxBEQ ;
+----------------+-------+-------------------------------------------+
; Parameter Name ; Value ; Type                                      ;
+----------------+-------+-------------------------------------------+
; larguradados   ; 32    ; Signed Integer                            ;
+----------------+-------+-------------------------------------------+
Note: In order to hide this table in the UI and the text report file, please set the "Show Parameter Settings in Synthesis Report" option in "Analysis and Synthesis Settings -> More Settings" to "Off".


+--------------------------------------------------------------------+
; Parameter Settings for User Entity Instance: muxGenerico2x1:MuxJMP ;
+----------------+-------+-------------------------------------------+
; Parameter Name ; Value ; Type                                      ;
+----------------+-------+-------------------------------------------+
; larguradados   ; 32    ; Signed Integer                            ;
+----------------+-------+-------------------------------------------+
Note: In order to hide this table in the UI and the text report file, please set the "Show Parameter Settings in Synthesis Report" option in "Analysis and Synthesis Settings -> More Settings" to "Off".


+----------------------------------------------------------+
; Parameter Settings for User Entity Instance: ROMMIPS:ROM ;
+-----------------+-------+--------------------------------+
; Parameter Name  ; Value ; Type                           ;
+-----------------+-------+--------------------------------+
; datawidth       ; 32    ; Signed Integer                 ;
; addrwidth       ; 32    ; Signed Integer                 ;
; larguraopcode   ; 6     ; Signed Integer                 ;
; largurafunct    ; 6     ; Signed Integer                 ;
; memoryaddrwidth ; 6     ; Signed Integer                 ;
+-----------------+-------+--------------------------------+
Note: In order to hide this table in the UI and the text report file, please set the "Show Parameter Settings in Synthesis Report" option in "Analysis and Synthesis Settings -> More Settings" to "Off".


+---------------------------------------------------------------------+
; Parameter Settings for User Entity Instance: muxGenerico2x1:MuxRtRd ;
+----------------+-------+--------------------------------------------+
; Parameter Name ; Value ; Type                                       ;
+----------------+-------+--------------------------------------------+
; larguradados   ; 5     ; Signed Integer                             ;
+----------------+-------+--------------------------------------------+
Note: In order to hide this table in the UI and the text report file, please set the "Show Parameter Settings in Synthesis Report" option in "Analysis and Synthesis Settings -> More Settings" to "Off".


+---------------------------------------------------------------------------+
; Parameter Settings for User Entity Instance: estendeSinalGenerico:Estende ;
+--------------------+-------+----------------------------------------------+
; Parameter Name     ; Value ; Type                                         ;
+--------------------+-------+----------------------------------------------+
; larguradadoentrada ; 16    ; Signed Integer                               ;
; larguradadosaida   ; 32    ; Signed Integer                               ;
+--------------------+-------+----------------------------------------------+
Note: In order to hide this table in the UI and the text report file, please set the "Show Parameter Settings in Synthesis Report" option in "Analysis and Synthesis Settings -> More Settings" to "Off".


+---------------------------------------------------------------------------+
; Parameter Settings for User Entity Instance: bancoRegistradores:bancoRegs ;
+---------------------+-------+---------------------------------------------+
; Parameter Name      ; Value ; Type                                        ;
+---------------------+-------+---------------------------------------------+
; larguradados        ; 32    ; Signed Integer                              ;
; larguraendbancoregs ; 5     ; Signed Integer                              ;
+---------------------+-------+---------------------------------------------+
Note: In order to hide this table in the UI and the text report file, please set the "Show Parameter Settings in Synthesis Report" option in "Analysis and Synthesis Settings -> More Settings" to "Off".


+----------------------------------------------------------------------------+
; Parameter Settings for User Entity Instance: muxGenerico2x1:MUuxRtImediato ;
+----------------+-------+---------------------------------------------------+
; Parameter Name ; Value ; Type                                              ;
+----------------+-------+---------------------------------------------------+
; larguradados   ; 32    ; Signed Integer                                    ;
+----------------+-------+---------------------------------------------------+
Note: In order to hide this table in the UI and the text report file, please set the "Show Parameter Settings in Synthesis Report" option in "Analysis and Synthesis Settings -> More Settings" to "Off".


+----------------------------------------------------------+
; Parameter Settings for User Entity Instance: ULAMIPS:ULA ;
+----------------+-------+---------------------------------+
; Parameter Name ; Value ; Type                            ;
+----------------+-------+---------------------------------+
; larguradados   ; 32    ; Signed Integer                  ;
+----------------+-------+---------------------------------+
Note: In order to hide this table in the UI and the text report file, please set the "Show Parameter Settings in Synthesis Report" option in "Analysis and Synthesis Settings -> More Settings" to "Off".


+----------------------------------------------------------+
; Parameter Settings for User Entity Instance: RAMMIPS:RAM ;
+-----------------+-------+--------------------------------+
; Parameter Name  ; Value ; Type                           ;
+-----------------+-------+--------------------------------+
; datawidth       ; 32    ; Signed Integer                 ;
; addrwidth       ; 32    ; Signed Integer                 ;
; memoryaddrwidth ; 6     ; Signed Integer                 ;
+-----------------+-------+--------------------------------+
Note: In order to hide this table in the UI and the text report file, please set the "Show Parameter Settings in Synthesis Report" option in "Analysis and Synthesis Settings -> More Settings" to "Off".


+------------------------------------------------------------------------+
; Parameter Settings for User Entity Instance: muxGenerico2x1:MUuxULARAM ;
+----------------+-------+-----------------------------------------------+
; Parameter Name ; Value ; Type                                          ;
+----------------+-------+-----------------------------------------------+
; larguradados   ; 32    ; Signed Integer                                ;
+----------------+-------+-----------------------------------------------+
Note: In order to hide this table in the UI and the text report file, please set the "Show Parameter Settings in Synthesis Report" option in "Analysis and Synthesis Settings -> More Settings" to "Off".


+-----------------------------------------------------------------+
; Parameter Settings for User Entity Instance: unidadeControle:UC ;
+------------------+-------+--------------------------------------+
; Parameter Name   ; Value ; Type                                 ;
+------------------+-------+--------------------------------------+
; larguraopcode    ; 6     ; Signed Integer                       ;
; largurafunct     ; 6     ; Signed Integer                       ;
; largurainstrucao ; 32    ; Signed Integer                       ;
+------------------+-------+--------------------------------------+
Note: In order to hide this table in the UI and the text report file, please set the "Show Parameter Settings in Synthesis Report" option in "Analysis and Synthesis Settings -> More Settings" to "Off".


+-----------------------------------------------------------------+
; Parameter Settings for User Entity Instance: controleULA:UC_ULA ;
+--------------------+-------+------------------------------------+
; Parameter Name     ; Value ; Type                               ;
+--------------------+-------+------------------------------------+
; larguraopcode      ; 6     ; Signed Integer                     ;
; largurafunct       ; 6     ; Signed Integer                     ;
; larguracontroleula ; 3     ; Signed Integer                     ;
+--------------------+-------+------------------------------------+
Note: In order to hide this table in the UI and the text report file, please set the "Show Parameter Settings in Synthesis Report" option in "Analysis and Synthesis Settings -> More Settings" to "Off".


+---------------------------------------------------------------------------------------------------------------------------+
; Analysis & Elaboration Settings                                                                                           ;
+---------------------------------------------------------------------------------+--------------------+--------------------+
; Option                                                                          ; Setting            ; Default Value      ;
+---------------------------------------------------------------------------------+--------------------+--------------------+
; Device                                                                          ; 5CEBA4F23C7        ;                    ;
; Top-level entity name                                                           ; TopLevel           ; aula14             ;
; Family name                                                                     ; Cyclone V          ; Cyclone V          ;
; VHDL Show LMF Mapping Messages                                                  ; Off                ;                    ;
; VHDL Version                                                                    ; VHDL_2008          ; VHDL_1993          ;
; Use smart compilation                                                           ; Off                ; Off                ;
; Enable parallel Assembler and Timing Analyzer during compilation                ; On                 ; On                 ;
; Enable compact report table                                                     ; Off                ; Off                ;
; Restructure Multiplexers                                                        ; Auto               ; Auto               ;
; MLAB Add Timing Constraints For Mixed-Port Feed-Through Mode Setting Don't Care ; Off                ; Off                ;
; Create Debugging Nodes for IP Cores                                             ; Off                ; Off                ;
; Preserve fewer node names                                                       ; On                 ; On                 ;
; Intel FPGA IP Evaluation Mode                                                   ; Enable             ; Enable             ;
; Verilog Version                                                                 ; Verilog_2001       ; Verilog_2001       ;
; State Machine Processing                                                        ; Auto               ; Auto               ;
; Safe State Machine                                                              ; Off                ; Off                ;
; Extract Verilog State Machines                                                  ; On                 ; On                 ;
; Extract VHDL State Machines                                                     ; On                 ; On                 ;
; Ignore Verilog initial constructs                                               ; Off                ; Off                ;
; Iteration limit for constant Verilog loops                                      ; 5000               ; 5000               ;
; Iteration limit for non-constant Verilog loops                                  ; 250                ; 250                ;
; Add Pass-Through Logic to Inferred RAMs                                         ; On                 ; On                 ;
; Infer RAMs from Raw Logic                                                       ; On                 ; On                 ;
; Parallel Synthesis                                                              ; On                 ; On                 ;
; DSP Block Balancing                                                             ; Auto               ; Auto               ;
; NOT Gate Push-Back                                                              ; On                 ; On                 ;
; Power-Up Don't Care                                                             ; On                 ; On                 ;
; Remove Redundant Logic Cells                                                    ; Off                ; Off                ;
; Remove Duplicate Registers                                                      ; On                 ; On                 ;
; Ignore CARRY Buffers                                                            ; Off                ; Off                ;
; Ignore CASCADE Buffers                                                          ; Off                ; Off                ;
; Ignore GLOBAL Buffers                                                           ; Off                ; Off                ;
; Ignore ROW GLOBAL Buffers                                                       ; Off                ; Off                ;
; Ignore LCELL Buffers                                                            ; Off                ; Off                ;
; Ignore SOFT Buffers                                                             ; On                 ; On                 ;
; Limit AHDL Integers to 32 Bits                                                  ; Off                ; Off                ;
; Optimization Technique                                                          ; Balanced           ; Balanced           ;
; Carry Chain Length                                                              ; 70                 ; 70                 ;
; Auto Carry Chains                                                               ; On                 ; On                 ;
; Auto Open-Drain Pins                                                            ; On                 ; On                 ;
; Perform WYSIWYG Primitive Resynthesis                                           ; Off                ; Off                ;
; Auto ROM Replacement                                                            ; On                 ; On                 ;
; Auto RAM Replacement                                                            ; On                 ; On                 ;
; Auto DSP Block Replacement                                                      ; On                 ; On                 ;
; Auto Shift Register Replacement                                                 ; Auto               ; Auto               ;
; Allow Shift Register Merging across Hierarchies                                 ; Auto               ; Auto               ;
; Auto Clock Enable Replacement                                                   ; On                 ; On                 ;
; Strict RAM Replacement                                                          ; Off                ; Off                ;
; Allow Synchronous Control Signals                                               ; On                 ; On                 ;
; Force Use of Synchronous Clear Signals                                          ; Off                ; Off                ;
; Auto Resource Sharing                                                           ; Off                ; Off                ;
; Allow Any RAM Size For Recognition                                              ; Off                ; Off                ;
; Allow Any ROM Size For Recognition                                              ; Off                ; Off                ;
; Allow Any Shift Register Size For Recognition                                   ; Off                ; Off                ;
; Use LogicLock Constraints during Resource Balancing                             ; On                 ; On                 ;
; Ignore translate_off and synthesis_off directives                               ; Off                ; Off                ;
; Timing-Driven Synthesis                                                         ; On                 ; On                 ;
; Report Parameter Settings                                                       ; On                 ; On                 ;
; Report Source Assignments                                                       ; On                 ; On                 ;
; Report Connectivity Checks                                                      ; On                 ; On                 ;
; Ignore Maximum Fan-Out Assignments                                              ; Off                ; Off                ;
; Synchronization Register Chain Length                                           ; 3                  ; 3                  ;
; Power Optimization During Synthesis                                             ; Normal compilation ; Normal compilation ;
; HDL message level                                                               ; Level2             ; Level2             ;
; Suppress Register Optimization Related Messages                                 ; Off                ; Off                ;
; Number of Removed Registers Reported in Synthesis Report                        ; 5000               ; 5000               ;
; Number of Swept Nodes Reported in Synthesis Report                              ; 5000               ; 5000               ;
; Number of Inverted Registers Reported in Synthesis Report                       ; 100                ; 100                ;
; Clock MUX Protection                                                            ; On                 ; On                 ;
; Auto Gated Clock Conversion                                                     ; Off                ; Off                ;
; Block Design Naming                                                             ; Auto               ; Auto               ;
; SDC constraint protection                                                       ; Off                ; Off                ;
; Synthesis Effort                                                                ; Auto               ; Auto               ;
; Shift Register Replacement - Allow Asynchronous Clear Signal                    ; On                 ; On                 ;
; Pre-Mapping Resynthesis Optimization                                            ; Off                ; Off                ;
; Analysis & Synthesis Message Level                                              ; Medium             ; Medium             ;
; Disable Register Merging Across Hierarchies                                     ; Auto               ; Auto               ;
; Resource Aware Inference For Block RAM                                          ; On                 ; On                 ;
; Automatic Parallel Synthesis                                                    ; On                 ; On                 ;
; Partial Reconfiguration Bitstream ID                                            ; Off                ; Off                ;
+---------------------------------------------------------------------------------+--------------------+--------------------+


+--------------------------------------------+
; Port Connectivity Checks: "RAMMIPS:RAM"    ;
+----------+-------+----------+--------------+
; Port     ; Type  ; Severity ; Details      ;
+----------+-------+----------+--------------+
; habilita ; Input ; Info     ; Stuck at VCC ;
+----------+-------+----------+--------------+


+---------------------------------------------------------+
; Port Connectivity Checks: "ULAMIPS:ULA|halfULA:opBit31" ;
+------+-------+----------+-------------------------------+
; Port ; Type  ; Severity ; Details                       ;
+------+-------+----------+-------------------------------+
; slt  ; Input ; Info     ; Stuck at GND                  ;
+------+-------+----------+-------------------------------+


+---------------------------------------------------------+
; Port Connectivity Checks: "ULAMIPS:ULA|halfULA:opBit30" ;
+------+-------+----------+-------------------------------+
; Port ; Type  ; Severity ; Details                       ;
+------+-------+----------+-------------------------------+
; slt  ; Input ; Info     ; Stuck at GND                  ;
+------+-------+----------+-------------------------------+


+---------------------------------------------------------+
; Port Connectivity Checks: "ULAMIPS:ULA|halfULA:opBit29" ;
+------+-------+----------+-------------------------------+
; Port ; Type  ; Severity ; Details                       ;
+------+-------+----------+-------------------------------+
; slt  ; Input ; Info     ; Stuck at GND                  ;
+------+-------+----------+-------------------------------+


+---------------------------------------------------------+
; Port Connectivity Checks: "ULAMIPS:ULA|halfULA:opBit28" ;
+------+-------+----------+-------------------------------+
; Port ; Type  ; Severity ; Details                       ;
+------+-------+----------+-------------------------------+
; slt  ; Input ; Info     ; Stuck at GND                  ;
+------+-------+----------+-------------------------------+


+---------------------------------------------------------+
; Port Connectivity Checks: "ULAMIPS:ULA|halfULA:opBit27" ;
+------+-------+----------+-------------------------------+
; Port ; Type  ; Severity ; Details                       ;
+------+-------+----------+-------------------------------+
; slt  ; Input ; Info     ; Stuck at GND                  ;
+------+-------+----------+-------------------------------+


+---------------------------------------------------------+
; Port Connectivity Checks: "ULAMIPS:ULA|halfULA:opBit26" ;
+------+-------+----------+-------------------------------+
; Port ; Type  ; Severity ; Details                       ;
+------+-------+----------+-------------------------------+
; slt  ; Input ; Info     ; Stuck at GND                  ;
+------+-------+----------+-------------------------------+


+---------------------------------------------------------+
; Port Connectivity Checks: "ULAMIPS:ULA|halfULA:opBit25" ;
+------+-------+----------+-------------------------------+
; Port ; Type  ; Severity ; Details                       ;
+------+-------+----------+-------------------------------+
; slt  ; Input ; Info     ; Stuck at GND                  ;
+------+-------+----------+-------------------------------+


+---------------------------------------------------------+
; Port Connectivity Checks: "ULAMIPS:ULA|halfULA:opBit24" ;
+------+-------+----------+-------------------------------+
; Port ; Type  ; Severity ; Details                       ;
+------+-------+----------+-------------------------------+
; slt  ; Input ; Info     ; Stuck at GND                  ;
+------+-------+----------+-------------------------------+


+---------------------------------------------------------+
; Port Connectivity Checks: "ULAMIPS:ULA|halfULA:opBit23" ;
+------+-------+----------+-------------------------------+
; Port ; Type  ; Severity ; Details                       ;
+------+-------+----------+-------------------------------+
; slt  ; Input ; Info     ; Stuck at GND                  ;
+------+-------+----------+-------------------------------+


+---------------------------------------------------------+
; Port Connectivity Checks: "ULAMIPS:ULA|halfULA:opBit22" ;
+------+-------+----------+-------------------------------+
; Port ; Type  ; Severity ; Details                       ;
+------+-------+----------+-------------------------------+
; slt  ; Input ; Info     ; Stuck at GND                  ;
+------+-------+----------+-------------------------------+


+---------------------------------------------------------+
; Port Connectivity Checks: "ULAMIPS:ULA|halfULA:opBit21" ;
+------+-------+----------+-------------------------------+
; Port ; Type  ; Severity ; Details                       ;
+------+-------+----------+-------------------------------+
; slt  ; Input ; Info     ; Stuck at GND                  ;
+------+-------+----------+-------------------------------+


+---------------------------------------------------------+
; Port Connectivity Checks: "ULAMIPS:ULA|halfULA:opBit20" ;
+------+-------+----------+-------------------------------+
; Port ; Type  ; Severity ; Details                       ;
+------+-------+----------+-------------------------------+
; slt  ; Input ; Info     ; Stuck at GND                  ;
+------+-------+----------+-------------------------------+


+---------------------------------------------------------+
; Port Connectivity Checks: "ULAMIPS:ULA|halfULA:opBit19" ;
+------+-------+----------+-------------------------------+
; Port ; Type  ; Severity ; Details                       ;
+------+-------+----------+-------------------------------+
; slt  ; Input ; Info     ; Stuck at GND                  ;
+------+-------+----------+-------------------------------+


+---------------------------------------------------------+
; Port Connectivity Checks: "ULAMIPS:ULA|halfULA:opBit18" ;
+------+-------+----------+-------------------------------+
; Port ; Type  ; Severity ; Details                       ;
+------+-------+----------+-------------------------------+
; slt  ; Input ; Info     ; Stuck at GND                  ;
+------+-------+----------+-------------------------------+


+---------------------------------------------------------+
; Port Connectivity Checks: "ULAMIPS:ULA|halfULA:opBit17" ;
+------+-------+----------+-------------------------------+
; Port ; Type  ; Severity ; Details                       ;
+------+-------+----------+-------------------------------+
; slt  ; Input ; Info     ; Stuck at GND                  ;
+------+-------+----------+-------------------------------+


+---------------------------------------------------------+
; Port Connectivity Checks: "ULAMIPS:ULA|halfULA:opBit16" ;
+------+-------+----------+-------------------------------+
; Port ; Type  ; Severity ; Details                       ;
+------+-------+----------+-------------------------------+
; slt  ; Input ; Info     ; Stuck at GND                  ;
+------+-------+----------+-------------------------------+


+---------------------------------------------------------+
; Port Connectivity Checks: "ULAMIPS:ULA|halfULA:opBit15" ;
+------+-------+----------+-------------------------------+
; Port ; Type  ; Severity ; Details                       ;
+------+-------+----------+-------------------------------+
; slt  ; Input ; Info     ; Stuck at GND                  ;
+------+-------+----------+-------------------------------+


+---------------------------------------------------------+
; Port Connectivity Checks: "ULAMIPS:ULA|halfULA:opBit14" ;
+------+-------+----------+-------------------------------+
; Port ; Type  ; Severity ; Details                       ;
+------+-------+----------+-------------------------------+
; slt  ; Input ; Info     ; Stuck at GND                  ;
+------+-------+----------+-------------------------------+


+---------------------------------------------------------+
; Port Connectivity Checks: "ULAMIPS:ULA|halfULA:opBit13" ;
+------+-------+----------+-------------------------------+
; Port ; Type  ; Severity ; Details                       ;
+------+-------+----------+-------------------------------+
; slt  ; Input ; Info     ; Stuck at GND                  ;
+------+-------+----------+-------------------------------+


+---------------------------------------------------------+
; Port Connectivity Checks: "ULAMIPS:ULA|halfULA:opBit12" ;
+------+-------+----------+-------------------------------+
; Port ; Type  ; Severity ; Details                       ;
+------+-------+----------+-------------------------------+
; slt  ; Input ; Info     ; Stuck at GND                  ;
+------+-------+----------+-------------------------------+


+---------------------------------------------------------+
; Port Connectivity Checks: "ULAMIPS:ULA|halfULA:opBit11" ;
+------+-------+----------+-------------------------------+
; Port ; Type  ; Severity ; Details                       ;
+------+-------+----------+-------------------------------+
; slt  ; Input ; Info     ; Stuck at GND                  ;
+------+-------+----------+-------------------------------+


+---------------------------------------------------------+
; Port Connectivity Checks: "ULAMIPS:ULA|halfULA:opBit10" ;
+------+-------+----------+-------------------------------+
; Port ; Type  ; Severity ; Details                       ;
+------+-------+----------+-------------------------------+
; slt  ; Input ; Info     ; Stuck at GND                  ;
+------+-------+----------+-------------------------------+


+--------------------------------------------------------+
; Port Connectivity Checks: "ULAMIPS:ULA|halfULA:opBit9" ;
+------+-------+----------+------------------------------+
; Port ; Type  ; Severity ; Details                      ;
+------+-------+----------+------------------------------+
; slt  ; Input ; Info     ; Stuck at GND                 ;
+------+-------+----------+------------------------------+


+--------------------------------------------------------+
; Port Connectivity Checks: "ULAMIPS:ULA|halfULA:opBit8" ;
+------+-------+----------+------------------------------+
; Port ; Type  ; Severity ; Details                      ;
+------+-------+----------+------------------------------+
; slt  ; Input ; Info     ; Stuck at GND                 ;
+------+-------+----------+------------------------------+


+--------------------------------------------------------+
; Port Connectivity Checks: "ULAMIPS:ULA|halfULA:opBit7" ;
+------+-------+----------+------------------------------+
; Port ; Type  ; Severity ; Details                      ;
+------+-------+----------+------------------------------+
; slt  ; Input ; Info     ; Stuck at GND                 ;
+------+-------+----------+------------------------------+


+--------------------------------------------------------+
; Port Connectivity Checks: "ULAMIPS:ULA|halfULA:opBit6" ;
+------+-------+----------+------------------------------+
; Port ; Type  ; Severity ; Details                      ;
+------+-------+----------+------------------------------+
; slt  ; Input ; Info     ; Stuck at GND                 ;
+------+-------+----------+------------------------------+


+--------------------------------------------------------+
; Port Connectivity Checks: "ULAMIPS:ULA|halfULA:opBit5" ;
+------+-------+----------+------------------------------+
; Port ; Type  ; Severity ; Details                      ;
+------+-------+----------+------------------------------+
; slt  ; Input ; Info     ; Stuck at GND                 ;
+------+-------+----------+------------------------------+


+--------------------------------------------------------+
; Port Connectivity Checks: "ULAMIPS:ULA|halfULA:opBit4" ;
+------+-------+----------+------------------------------+
; Port ; Type  ; Severity ; Details                      ;
+------+-------+----------+------------------------------+
; slt  ; Input ; Info     ; Stuck at GND                 ;
+------+-------+----------+------------------------------+


+--------------------------------------------------------+
; Port Connectivity Checks: "ULAMIPS:ULA|halfULA:opBit3" ;
+------+-------+----------+------------------------------+
; Port ; Type  ; Severity ; Details                      ;
+------+-------+----------+------------------------------+
; slt  ; Input ; Info     ; Stuck at GND                 ;
+------+-------+----------+------------------------------+


+--------------------------------------------------------+
; Port Connectivity Checks: "ULAMIPS:ULA|halfULA:opBit2" ;
+------+-------+----------+------------------------------+
; Port ; Type  ; Severity ; Details                      ;
+------+-------+----------+------------------------------+
; slt  ; Input ; Info     ; Stuck at GND                 ;
+------+-------+----------+------------------------------+


+--------------------------------------------------------+
; Port Connectivity Checks: "ULAMIPS:ULA|halfULA:opBit1" ;
+------+-------+----------+------------------------------+
; Port ; Type  ; Severity ; Details                      ;
+------+-------+----------+------------------------------+
; slt  ; Input ; Info     ; Stuck at GND                 ;
+------+-------+----------+------------------------------+


+------------------------------------------------------+
; Port Connectivity Checks: "muxGenerico2x1:MuxJMP"    ;
+--------------------+-------+----------+--------------+
; Port               ; Type  ; Severity ; Details      ;
+--------------------+-------+----------+--------------+
; entradab_mux[1..0] ; Input ; Info     ; Stuck at GND ;
+--------------------+-------+----------+--------------+


+-----------------------------------------------------+
; Port Connectivity Checks: "somadorGenerico:SOMADOR" ;
+----------------+-------+----------+-----------------+
; Port           ; Type  ; Severity ; Details         ;
+----------------+-------+----------+-----------------+
; entradab[1..0] ; Input ; Info     ; Stuck at GND    ;
+----------------+-------+----------+-----------------+


+----------------------------------------------------------------+
; Port Connectivity Checks: "registradorGenerico:ProgramCounter" ;
+--------+-------+----------+------------------------------------+
; Port   ; Type  ; Severity ; Details                            ;
+--------+-------+----------+------------------------------------+
; enable ; Input ; Info     ; Stuck at VCC                       ;
; rst    ; Input ; Info     ; Stuck at GND                       ;
+--------+-------+----------+------------------------------------+


+---------------------------------+
; Analysis & Elaboration Messages ;
+---------------------------------+
Info: *******************************************************************
Info: Running Quartus Prime Analysis & Elaboration
    Info: Version 20.1.0 Build 711 06/05/2020 SJ Lite Edition
    Info: Processing started: Mon Nov 21 22:20:51 2022
Info: Command: quartus_map --read_settings_files=on --write_settings_files=off aula14 -c aula14 --analysis_and_elaboration
Warning (18236): Number of processors has not been specified which may cause overloading on shared machines.  Set the global assignment NUM_PARALLEL_PROCESSORS in your QSF to an appropriate value for best performance.
Info (20030): Parallel compilation is enabled and will use 4 of the 4 processors detected
Info (12021): Found 2 design units, including 1 entities, in source file toplevel.vhd
    Info (12022): Found design unit 1: TopLevel-arquitetura File: C:/Users/gui_r/OneDrive/Documentos/GitHub/Insper/design-computadores/projeto2-intermediario/TopLevel.vhd Line: 47
    Info (12023): Found entity 1: TopLevel File: C:/Users/gui_r/OneDrive/Documentos/GitHub/Insper/design-computadores/projeto2-intermediario/TopLevel.vhd Line: 5
Info (12021): Found 2 design units, including 1 entities, in source file registradorgenerico.vhd
    Info (12022): Found design unit 1: registradorGenerico-comportamento File: C:/Users/gui_r/OneDrive/Documentos/GitHub/Insper/design-computadores/projeto2-intermediario/registradorGenerico.vhd Line: 15
    Info (12023): Found entity 1: registradorGenerico File: C:/Users/gui_r/OneDrive/Documentos/GitHub/Insper/design-computadores/projeto2-intermediario/registradorGenerico.vhd Line: 4
Info (12021): Found 2 design units, including 1 entities, in source file somaconstante.vhd
    Info (12022): Found design unit 1: somaConstante-comportamento File: C:/Users/gui_r/OneDrive/Documentos/GitHub/Insper/design-computadores/projeto2-intermediario/somaConstante.vhd Line: 18
    Info (12023): Found entity 1: somaConstante File: C:/Users/gui_r/OneDrive/Documentos/GitHub/Insper/design-computadores/projeto2-intermediario/somaConstante.vhd Line: 5
Info (12021): Found 2 design units, including 1 entities, in source file bancoregistradores.vhd
    Info (12022): Found design unit 1: bancoRegistradores-comportamento File: C:/Users/gui_r/OneDrive/Documentos/GitHub/Insper/design-computadores/projeto2-intermediario/bancoRegistradores.vhd Line: 30
    Info (12023): Found entity 1: bancoRegistradores File: C:/Users/gui_r/OneDrive/Documentos/GitHub/Insper/design-computadores/projeto2-intermediario/bancoRegistradores.vhd Line: 7
Info (12021): Found 2 design units, including 1 entities, in source file rommips.vhd
    Info (12022): Found design unit 1: ROMMIPS-assincrona File: C:/Users/gui_r/OneDrive/Documentos/GitHub/Insper/design-computadores/projeto2-intermediario/ROMMIPS.vhd Line: 19
    Info (12023): Found entity 1: ROMMIPS File: C:/Users/gui_r/OneDrive/Documentos/GitHub/Insper/design-computadores/projeto2-intermediario/ROMMIPS.vhd Line: 5
Info (12021): Found 2 design units, including 1 entities, in source file ulasomasubpassa.vhd
    Info (12022): Found design unit 1: ULASomaSubPassa-comportamento File: C:/Users/gui_r/OneDrive/Documentos/GitHub/Insper/design-computadores/projeto2-intermediario/ULASomaSubPassa.vhd Line: 18
    Info (12023): Found entity 1: ULASomaSubPassa File: C:/Users/gui_r/OneDrive/Documentos/GitHub/Insper/design-computadores/projeto2-intermediario/ULASomaSubPassa.vhd Line: 5
Info (12021): Found 2 design units, including 1 entities, in source file somadorgenerico.vhd
    Info (12022): Found design unit 1: somadorGenerico-comportamento File: C:/Users/gui_r/OneDrive/Documentos/GitHub/Insper/design-computadores/projeto2-intermediario/somadorGenerico.vhd Line: 17
    Info (12023): Found entity 1: somadorGenerico File: C:/Users/gui_r/OneDrive/Documentos/GitHub/Insper/design-computadores/projeto2-intermediario/somadorGenerico.vhd Line: 5
Info (12021): Found 2 design units, including 1 entities, in source file muxgenerico2x1.vhd
    Info (12022): Found design unit 1: muxGenerico2x1-comportamento File: C:/Users/gui_r/OneDrive/Documentos/GitHub/Insper/design-computadores/projeto2-intermediario/muxGenerico2x1.vhd Line: 14
    Info (12023): Found entity 1: muxGenerico2x1 File: C:/Users/gui_r/OneDrive/Documentos/GitHub/Insper/design-computadores/projeto2-intermediario/muxGenerico2x1.vhd Line: 4
Info (12021): Found 2 design units, including 1 entities, in source file estendesinalgenerico.vhd
    Info (12022): Found design unit 1: estendeSinalGenerico-comportamento File: C:/Users/gui_r/OneDrive/Documentos/GitHub/Insper/design-computadores/projeto2-intermediario/estendeSinalGenerico.vhd Line: 19
    Info (12023): Found entity 1: estendeSinalGenerico File: C:/Users/gui_r/OneDrive/Documentos/GitHub/Insper/design-computadores/projeto2-intermediario/estendeSinalGenerico.vhd Line: 4
Info (12021): Found 2 design units, including 1 entities, in source file rammips.vhd
    Info (12022): Found design unit 1: RAMMIPS-assincrona File: C:/Users/gui_r/OneDrive/Documentos/GitHub/Insper/design-computadores/projeto2-intermediario/RAMMIPS.vhd Line: 18
    Info (12023): Found entity 1: RAMMIPS File: C:/Users/gui_r/OneDrive/Documentos/GitHub/Insper/design-computadores/projeto2-intermediario/RAMMIPS.vhd Line: 5
Warning (12019): Can't analyze file -- file halfAdder.vhd is missing
Info (12021): Found 2 design units, including 1 entities, in source file muxgenerico4x1.vhd
    Info (12022): Found design unit 1: muxGenerico4x1-comportamento File: C:/Users/gui_r/OneDrive/Documentos/GitHub/Insper/design-computadores/projeto2-intermediario/muxGenerico4x1.vhd Line: 14
    Info (12023): Found entity 1: muxGenerico4x1 File: C:/Users/gui_r/OneDrive/Documentos/GitHub/Insper/design-computadores/projeto2-intermediario/muxGenerico4x1.vhd Line: 4
Info (12021): Found 2 design units, including 1 entities, in source file halfula.vhd
    Info (12022): Found design unit 1: halfULA-comportamento File: C:/Users/gui_r/OneDrive/Documentos/GitHub/Insper/design-computadores/projeto2-intermediario/halfULA.vhd Line: 13
    Info (12023): Found entity 1: halfULA File: C:/Users/gui_r/OneDrive/Documentos/GitHub/Insper/design-computadores/projeto2-intermediario/halfULA.vhd Line: 4
Info (12021): Found 2 design units, including 1 entities, in source file ulamips.vhd
    Info (12022): Found design unit 1: ULAMIPS-comportamento File: C:/Users/gui_r/OneDrive/Documentos/GitHub/Insper/design-computadores/projeto2-intermediario/ULAMIPS.vhd Line: 17
    Info (12023): Found entity 1: ULAMIPS File: C:/Users/gui_r/OneDrive/Documentos/GitHub/Insper/design-computadores/projeto2-intermediario/ULAMIPS.vhd Line: 4
Info (12021): Found 2 design units, including 1 entities, in source file unidadecontrole.vhd
    Info (12022): Found design unit 1: unidadeControle-comportamento File: C:/Users/gui_r/OneDrive/Documentos/GitHub/Insper/design-computadores/projeto2-intermediario/unidadeControle.vhd Line: 23
    Info (12023): Found entity 1: unidadeControle File: C:/Users/gui_r/OneDrive/Documentos/GitHub/Insper/design-computadores/projeto2-intermediario/unidadeControle.vhd Line: 4
Info (12021): Found 2 design units, including 1 entities, in source file controleula.vhd
    Info (12022): Found design unit 1: controleULA-comportamento File: C:/Users/gui_r/OneDrive/Documentos/GitHub/Insper/design-computadores/projeto2-intermediario/controleULA.vhd Line: 19
    Info (12023): Found entity 1: controleULA File: C:/Users/gui_r/OneDrive/Documentos/GitHub/Insper/design-computadores/projeto2-intermediario/controleULA.vhd Line: 4
Info (12127): Elaborating entity "TopLevel" for the top level hierarchy
Warning (10541): VHDL Signal Declaration warning at TopLevel.vhd(30): used implicit default value for signal "DATA_OUT" because signal was never assigned a value or an explicit default value. Use of implicit default value may introduce unintended design optimizations. File: C:/Users/gui_r/OneDrive/Documentos/GitHub/Insper/design-computadores/projeto2-intermediario/TopLevel.vhd Line: 30
Warning (10541): VHDL Signal Declaration warning at TopLevel.vhd(41): used implicit default value for signal "inspectControles" because signal was never assigned a value or an explicit default value. Use of implicit default value may introduce unintended design optimizations. File: C:/Users/gui_r/OneDrive/Documentos/GitHub/Insper/design-computadores/projeto2-intermediario/TopLevel.vhd Line: 41
Info (12128): Elaborating entity "registradorGenerico" for hierarchy "registradorGenerico:ProgramCounter" File: C:/Users/gui_r/OneDrive/Documentos/GitHub/Insper/design-computadores/projeto2-intermediario/TopLevel.vhd Line: 117
Info (12128): Elaborating entity "somaConstante" for hierarchy "somaConstante:incrementaPC" File: C:/Users/gui_r/OneDrive/Documentos/GitHub/Insper/design-computadores/projeto2-intermediario/TopLevel.vhd Line: 129
Info (12128): Elaborating entity "somadorGenerico" for hierarchy "somadorGenerico:SOMADOR" File: C:/Users/gui_r/OneDrive/Documentos/GitHub/Insper/design-computadores/projeto2-intermediario/TopLevel.vhd Line: 140
Info (12128): Elaborating entity "muxGenerico2x1" for hierarchy "muxGenerico2x1:MuxBEQ" File: C:/Users/gui_r/OneDrive/Documentos/GitHub/Insper/design-computadores/projeto2-intermediario/TopLevel.vhd Line: 150
Info (12128): Elaborating entity "ROMMIPS" for hierarchy "ROMMIPS:ROM" File: C:/Users/gui_r/OneDrive/Documentos/GitHub/Insper/design-computadores/projeto2-intermediario/TopLevel.vhd Line: 172
Info (12128): Elaborating entity "muxGenerico2x1" for hierarchy "muxGenerico2x1:MuxRtRd" File: C:/Users/gui_r/OneDrive/Documentos/GitHub/Insper/design-computadores/projeto2-intermediario/TopLevel.vhd Line: 178
Info (12128): Elaborating entity "estendeSinalGenerico" for hierarchy "estendeSinalGenerico:Estende" File: C:/Users/gui_r/OneDrive/Documentos/GitHub/Insper/design-computadores/projeto2-intermediario/TopLevel.vhd Line: 190
Info (12128): Elaborating entity "bancoRegistradores" for hierarchy "bancoRegistradores:bancoRegs" File: C:/Users/gui_r/OneDrive/Documentos/GitHub/Insper/design-computadores/projeto2-intermediario/TopLevel.vhd Line: 200
Info (12128): Elaborating entity "ULAMIPS" for hierarchy "ULAMIPS:ULA" File: C:/Users/gui_r/OneDrive/Documentos/GitHub/Insper/design-computadores/projeto2-intermediario/TopLevel.vhd Line: 220
Info (12128): Elaborating entity "halfULA" for hierarchy "ULAMIPS:ULA|halfULA:opBit0" File: C:/Users/gui_r/OneDrive/Documentos/GitHub/Insper/design-computadores/projeto2-intermediario/ULAMIPS.vhd Line: 25
Info (10041): Inferred latch for "R" at halfULA.vhd(30) File: C:/Users/gui_r/OneDrive/Documentos/GitHub/Insper/design-computadores/projeto2-intermediario/halfULA.vhd Line: 30
Info (12128): Elaborating entity "RAMMIPS" for hierarchy "RAMMIPS:RAM" File: C:/Users/gui_r/OneDrive/Documentos/GitHub/Insper/design-computadores/projeto2-intermediario/TopLevel.vhd Line: 233
Info (12128): Elaborating entity "unidadeControle" for hierarchy "unidadeControle:UC" File: C:/Users/gui_r/OneDrive/Documentos/GitHub/Insper/design-computadores/projeto2-intermediario/TopLevel.vhd Line: 256
Warning (10036): Verilog HDL or VHDL warning at unidadeControle.vhd(39): object "funct" assigned a value but never read File: C:/Users/gui_r/OneDrive/Documentos/GitHub/Insper/design-computadores/projeto2-intermediario/unidadeControle.vhd Line: 39
Info (12128): Elaborating entity "controleULA" for hierarchy "controleULA:UC_ULA" File: C:/Users/gui_r/OneDrive/Documentos/GitHub/Insper/design-computadores/projeto2-intermediario/TopLevel.vhd Line: 271
Info: Quartus Prime Analysis & Elaboration was successful. 0 errors, 5 warnings
    Info: Peak virtual memory: 4843 megabytes
    Info: Processing ended: Mon Nov 21 22:21:00 2022
    Info: Elapsed time: 00:00:09
    Info: Total CPU time (on all processors): 00:00:22


